[22:26:20] [main/INFO] (FabricLoader) Loading for game Minecraft 20w16a
[22:26:20] [main/DEBUG] (FabricLoader) Requesting deobfuscation of minecraft-20w16a-mapped-net.fabricmc.yarn-20w16a+build.4-v2.jar
[22:26:20] [main/DEBUG] (FabricLoader) [Knot] Proposed file:/C:/Users/andre/.gradle/caches/fabric-loom/20w16a-mapped-net.fabricmc.yarn-20w16a+build.4-v2/minecraft-20w16a-mapped-net.fabricmc.yarn-20w16a+build.4-v2.jar to classpath.
[22:26:20] [main/DEBUG] (FabricLoader|EntrypointTransformer) Found game constructor: net.minecraft.server.MinecraftServer -> net.minecraft.server.dedicated.MinecraftDedicatedServer
[22:26:20] [main/DEBUG] (FabricLoader|EntrypointTransformer) Patching game constructor <init>(Lnet/minecraft/world/level/storage/LevelStorage$Session;Lnet/minecraft/server/dedicated/ServerPropertiesLoader;Lcom/mojang/datafixers/DataFixer;Lcom/mojang/authlib/minecraft/MinecraftSessionService;Lcom/mojang/authlib/GameProfileRepository;Lnet/minecraft/util/UserCache;Lnet/minecraft/server/WorldGenerationProgressListenerFactory;)V
[22:26:20] [main/DEBUG] (FabricLoader|EntrypointTransformer) Applying brand name hook to net/minecraft/client/ClientBrandRetriever::getClientModName
[22:26:20] [main/DEBUG] (FabricLoader|EntrypointTransformer) Applying brand name hook to net/minecraft/server/MinecraftServer::getServerModName
[22:26:20] [main/DEBUG] (FabricLoader|EntrypointTransformer) [EntrypointTransformer] Patched 3 classes.
[22:26:20] [main/DEBUG] (Fabric|Loader) [ClasspathModCandidateFinder] Adding dev classpath directories to classpath.
[22:26:20] [main/DEBUG] (FabricLoader) [Knot] Proposed file:/E:/project/Intellj%20IDEA/Git/Fabric-Andrews-Essentials/build/classes/java/main/ to classpath.
[22:26:20] [main/DEBUG] (Fabric|Loader) [ClasspathModCandidateFinder] Processing /E:/project/Intellj%20IDEA/Git/Fabric-Andrews-Essentials/.gradle/loom-cache/remapped_mods/fabric-crash-report-info-v1-0.1.2+b7f9825dad@net.fabricmc.yarn.20w16a.20w16a+build.4-v2.jar
[22:26:20] [main/DEBUG] (Fabric|Loader) [ClasspathModCandidateFinder] Processing /E:/project/Intellj%20IDEA/Git/Fabric-Andrews-Essentials/.gradle/loom-cache/remapped_mods/fabric-loot-tables-v1-0.1.6+2f56dff2ad@net.fabricmc.yarn.20w16a.20w16a+build.4-v2.jar
[22:26:20] [main/DEBUG] (Fabric|Loader) [ClasspathModCandidateFinder] Processing /E:/project/Intellj%20IDEA/Git/Fabric-Andrews-Essentials/.gradle/loom-cache/remapped_mods/fabric-loader-0.8.2+build.194@net.fabricmc.yarn.20w16a.20w16a+build.4-v2.jar
[22:26:20] [ForkJoinPool-1-worker-19/DEBUG] (Fabric|Loader) Testing file:/E:/project/Intellj%20IDEA/Git/Fabric-Andrews-Essentials/.gradle/loom-cache/remapped_mods/fabric-crash-report-info-v1-0.1.2+b7f9825dad@net.fabricmc.yarn.20w16a.20w16a+build.4-v2.jar
[22:26:20] [ForkJoinPool-1-worker-5/DEBUG] (Fabric|Loader) Testing file:/E:/project/Intellj%20IDEA/Git/Fabric-Andrews-Essentials/.gradle/loom-cache/remapped_mods/fabric-loot-tables-v1-0.1.6+2f56dff2ad@net.fabricmc.yarn.20w16a.20w16a+build.4-v2.jar
[22:26:20] [main/DEBUG] (Fabric|Loader) [ClasspathModCandidateFinder] Processing /E:/project/Intellj%20IDEA/Git/Fabric-Andrews-Essentials/.gradle/loom-cache/remapped_mods/fabric-content-registries-v0-0.1.5+88afe607ad@net.fabricmc.yarn.20w16a.20w16a+build.4-v2.jar
[22:26:20] [ForkJoinPool-1-worker-23/DEBUG] (Fabric|Loader) Testing file:/E:/project/Intellj%20IDEA/Git/Fabric-Andrews-Essentials/.gradle/loom-cache/remapped_mods/fabric-loader-0.8.2+build.194@net.fabricmc.yarn.20w16a.20w16a+build.4-v2.jar
[22:26:20] [main/DEBUG] (Fabric|Loader) [ClasspathModCandidateFinder] Processing /E:/project/Intellj%20IDEA/Git/Fabric-Andrews-Essentials/.gradle/loom-cache/remapped_mods/fabric-dimensions-v1-0.3.3+a2a96bf9ad@net.fabricmc.yarn.20w16a.20w16a+build.4-v2.jar
[22:26:20] [ForkJoinPool-1-worker-9/DEBUG] (Fabric|Loader) Testing file:/E:/project/Intellj%20IDEA/Git/Fabric-Andrews-Essentials/.gradle/loom-cache/remapped_mods/fabric-content-registries-v0-0.1.5+88afe607ad@net.fabricmc.yarn.20w16a.20w16a+build.4-v2.jar
[22:26:20] [main/DEBUG] (Fabric|Loader) [ClasspathModCandidateFinder] Processing /E:/project/Intellj%20IDEA/Git/Fabric-Andrews-Essentials/.gradle/loom-cache/remapped_mods/fabric-models-v0-0.1.0+dfdb52d6ad@net.fabricmc.yarn.20w16a.20w16a+build.4-v2.jar
[22:26:20] [ForkJoinPool-1-worker-27/DEBUG] (Fabric|Loader) Testing file:/E:/project/Intellj%20IDEA/Git/Fabric-Andrews-Essentials/.gradle/loom-cache/remapped_mods/fabric-dimensions-v1-0.3.3+a2a96bf9ad@net.fabricmc.yarn.20w16a.20w16a+build.4-v2.jar
[22:26:20] [main/DEBUG] (Fabric|Loader) [ClasspathModCandidateFinder] Processing /E:/project/Intellj%20IDEA/Git/Fabric-Andrews-Essentials/.gradle/loom-cache/remapped_mods/fabric-registry-sync-v0-0.2.10+eb276f9cad@net.fabricmc.yarn.20w16a.20w16a+build.4-v2.jar
[22:26:20] [ForkJoinPool-1-worker-13/DEBUG] (Fabric|Loader) Testing file:/E:/project/Intellj%20IDEA/Git/Fabric-Andrews-Essentials/.gradle/loom-cache/remapped_mods/fabric-models-v0-0.1.0+dfdb52d6ad@net.fabricmc.yarn.20w16a.20w16a+build.4-v2.jar
[22:26:20] [main/DEBUG] (Fabric|Loader) [ClasspathModCandidateFinder] Processing /E:/project/Intellj%20IDEA/Git/Fabric-Andrews-Essentials/.gradle/loom-cache/remapped_mods/fabric-events-interaction-v0-0.3.0+04b99794ad@net.fabricmc.yarn.20w16a.20w16a+build.4-v2.jar
[22:26:20] [ForkJoinPool-1-worker-31/DEBUG] (Fabric|Loader) Testing file:/E:/project/Intellj%20IDEA/Git/Fabric-Andrews-Essentials/.gradle/loom-cache/remapped_mods/fabric-registry-sync-v0-0.2.10+eb276f9cad@net.fabricmc.yarn.20w16a.20w16a+build.4-v2.jar
[22:26:20] [main/DEBUG] (Fabric|Loader) [ClasspathModCandidateFinder] Processing /E:/project/Intellj%20IDEA/Git/Fabric-Andrews-Essentials/.gradle/loom-cache/remapped_mods/fabric-keybindings-v0-0.1.1+dfdb52d6ad@net.fabricmc.yarn.20w16a.20w16a+build.4-v2.jar
[22:26:20] [ForkJoinPool-1-worker-17/DEBUG] (Fabric|Loader) Testing file:/E:/project/Intellj%20IDEA/Git/Fabric-Andrews-Essentials/.gradle/loom-cache/remapped_mods/fabric-events-interaction-v0-0.3.0+04b99794ad@net.fabricmc.yarn.20w16a.20w16a+build.4-v2.jar
[22:26:20] [main/DEBUG] (Fabric|Loader) [ClasspathModCandidateFinder] Processing /E:/project/Intellj%20IDEA/Git/Fabric-Andrews-Essentials/.gradle/loom-cache/remapped_mods/fabric-rendering-fluids-v1-0.1.7+12a8474cad@net.fabricmc.yarn.20w16a.20w16a+build.4-v2.jar
[22:26:20] [ForkJoinPool-1-worker-3/DEBUG] (Fabric|Loader) Testing file:/E:/project/Intellj%20IDEA/Git/Fabric-Andrews-Essentials/.gradle/loom-cache/remapped_mods/fabric-keybindings-v0-0.1.1+dfdb52d6ad@net.fabricmc.yarn.20w16a.20w16a+build.4-v2.jar
[22:26:20] [main/DEBUG] (Fabric|Loader) [ClasspathModCandidateFinder] Processing /E:/project/Intellj%20IDEA/Git/Fabric-Andrews-Essentials/.gradle/loom-cache/remapped_mods/fabric-resource-loader-v0-0.1.13+94c7834aad@net.fabricmc.yarn.20w16a.20w16a+build.4-v2.jar
[22:26:20] [ForkJoinPool-1-worker-21/DEBUG] (Fabric|Loader) Testing file:/E:/project/Intellj%20IDEA/Git/Fabric-Andrews-Essentials/.gradle/loom-cache/remapped_mods/fabric-rendering-fluids-v1-0.1.7+12a8474cad@net.fabricmc.yarn.20w16a.20w16a+build.4-v2.jar
[22:26:20] [main/DEBUG] (Fabric|Loader) [ClasspathModCandidateFinder] Processing /E:/project/Intellj%20IDEA/Git/Fabric-Andrews-Essentials/.gradle/loom-cache/remapped_mods/fabric-containers-v0-0.1.7+d249f7b6ad@net.fabricmc.yarn.20w16a.20w16a+build.4-v2.jar
[22:26:20] [ForkJoinPool-1-worker-7/DEBUG] (Fabric|Loader) Testing file:/E:/project/Intellj%20IDEA/Git/Fabric-Andrews-Essentials/.gradle/loom-cache/remapped_mods/fabric-resource-loader-v0-0.1.13+94c7834aad@net.fabricmc.yarn.20w16a.20w16a+build.4-v2.jar
[22:26:20] [main/DEBUG] (Fabric|Loader) [ClasspathModCandidateFinder] Processing /E:/project/Intellj%20IDEA/Git/Fabric-Andrews-Essentials/.gradle/loom-cache/remapped_mods/fabric-blockrenderlayer-v1-1.1.4+c6a8ea89ad@net.fabricmc.yarn.20w16a.20w16a+build.4-v2.jar
[22:26:20] [main/DEBUG] (Fabric|Loader) [ClasspathModCandidateFinder] Processing /E:/project/Intellj%20IDEA/Git/Fabric-Andrews-Essentials/.gradle/loom-cache/remapped_mods/fabric-biomes-v1-0.2.1+b7d52fa5ad@net.fabricmc.yarn.20w16a.20w16a+build.4-v2.jar
[22:26:20] [main/DEBUG] (Fabric|Loader) [ClasspathModCandidateFinder] Processing /E:/project/Intellj%20IDEA/Git/Fabric-Andrews-Essentials/.gradle/loom-cache/remapped_mods/fabric-commands-v0-0.1.4+a2a96bf9ad@net.fabricmc.yarn.20w16a.20w16a+build.4-v2.jar
[22:26:20] [main/DEBUG] (Fabric|Loader) [ClasspathModCandidateFinder] Processing /E:/project/Intellj%20IDEA/Git/Fabric-Andrews-Essentials/.gradle/loom-cache/remapped_mods/fabric-item-groups-v0-0.1.10+d249f7b6ad@net.fabricmc.yarn.20w16a.20w16a+build.4-v2.jar
[22:26:20] [main/DEBUG] (Fabric|Loader) [ClasspathModCandidateFinder] Processing /E:/project/Intellj%20IDEA/Git/Fabric-Andrews-Essentials/build/resources/main/
[22:26:20] [main/DEBUG] (Fabric|Loader) [ClasspathModCandidateFinder] Processing /E:/project/Intellj%20IDEA/Git/Fabric-Andrews-Essentials/.gradle/loom-cache/remapped_mods/fabric-api-base-0.1.3+12a8474cad@net.fabricmc.yarn.20w16a.20w16a+build.4-v2.jar
[22:26:20] [main/DEBUG] (Fabric|Loader) [ClasspathModCandidateFinder] Processing /E:/project/Intellj%20IDEA/Git/Fabric-Andrews-Essentials/.gradle/loom-cache/remapped_mods/fabric-networking-blockentity-v0-0.2.5+b50ffc7bad@net.fabricmc.yarn.20w16a.20w16a+build.4-v2.jar
[22:26:20] [main/DEBUG] (Fabric|Loader) [ClasspathModCandidateFinder] Processing /E:/project/Intellj%20IDEA/Git/Fabric-Andrews-Essentials/.gradle/loom-cache/remapped_mods/fabric-rendering-data-attachment-v1-0.1.3+b7f9825dad@net.fabricmc.yarn.20w16a.20w16a+build.4-v2.jar
[22:26:20] [main/DEBUG] (Fabric|Loader) [ClasspathModCandidateFinder] Processing /E:/project/Intellj%20IDEA/Git/Fabric-Andrews-Essentials/.gradle/loom-cache/remapped_mods/fabric-renderer-indigo-0.2.28+c808269fad@net.fabricmc.yarn.20w16a.20w16a+build.4-v2.jar
[22:26:20] [main/DEBUG] (Fabric|Loader) [ClasspathModCandidateFinder] Processing /E:/project/Intellj%20IDEA/Git/Fabric-Andrews-Essentials/.gradle/loom-cache/remapped_mods/fabric-tag-extensions-v0-0.2.3+9cd8d660ad@net.fabricmc.yarn.20w16a.20w16a+build.4-v2.jar
[22:26:20] [main/DEBUG] (Fabric|Loader) [ClasspathModCandidateFinder] Processing /E:/project/Intellj%20IDEA/Git/Fabric-Andrews-Essentials/.gradle/loom-cache/remapped_mods/fabric-events-lifecycle-v0-0.1.2+1a47cd78ad@net.fabricmc.yarn.20w16a.20w16a+build.4-v2.jar
[22:26:20] [main/DEBUG] (Fabric|Loader) [ClasspathModCandidateFinder] Processing /E:/project/Intellj%20IDEA/Git/Fabric-Andrews-Essentials/.gradle/loom-cache/remapped_mods/fabric-object-builders-v0-0.2.4+eb276f9cad@net.fabricmc.yarn.20w16a.20w16a+build.4-v2.jar
[22:26:20] [main/DEBUG] (Fabric|Loader) [ClasspathModCandidateFinder] Processing /E:/project/Intellj%20IDEA/Git/Fabric-Andrews-Essentials/.gradle/loom-cache/remapped_mods/fabric-rendering-v0-1.1.0+53410490ad@net.fabricmc.yarn.20w16a.20w16a+build.4-v2.jar
[22:26:20] [main/DEBUG] (Fabric|Loader) [ClasspathModCandidateFinder] Processing /E:/project/Intellj%20IDEA/Git/Fabric-Andrews-Essentials/.gradle/loom-cache/remapped_mods/fabric-rendering-v1-0.1.1+1a47cd78ad@net.fabricmc.yarn.20w16a.20w16a+build.4-v2.jar
[22:26:20] [main/DEBUG] (Fabric|Loader) [ClasspathModCandidateFinder] Processing /E:/project/Intellj%20IDEA/Git/Fabric-Andrews-Essentials/.gradle/loom-cache/remapped_mods/fabric-renderer-registries-v1-2.0.1+5a0f9a60ad@net.fabricmc.yarn.20w16a.20w16a+build.4-v2.jar
[22:26:20] [main/DEBUG] (Fabric|Loader) [ClasspathModCandidateFinder] Processing /E:/project/Intellj%20IDEA/Git/Fabric-Andrews-Essentials/.gradle/loom-cache/remapped_mods/fabric-textures-v0-1.0.4+821cdba7ad@net.fabricmc.yarn.20w16a.20w16a+build.4-v2.jar
[22:26:20] [main/DEBUG] (Fabric|Loader) [ClasspathModCandidateFinder] Processing /E:/project/Intellj%20IDEA/Git/Fabric-Andrews-Essentials/.gradle/loom-cache/remapped_mods/fabric-particles-v1-0.1.2+12a8474cad@net.fabricmc.yarn.20w16a.20w16a+build.4-v2.jar
[22:26:20] [main/DEBUG] (Fabric|Loader) [ClasspathModCandidateFinder] Processing /E:/project/Intellj%20IDEA/Git/Fabric-Andrews-Essentials/.gradle/loom-cache/remapped_mods/fabric-renderer-api-v1-0.2.12+12a8474cad@net.fabricmc.yarn.20w16a.20w16a+build.4-v2.jar
[22:26:20] [main/DEBUG] (Fabric|Loader) [ClasspathModCandidateFinder] Processing /E:/project/Intellj%20IDEA/Git/Fabric-Andrews-Essentials/.gradle/loom-cache/remapped_mods/fabric-api-0.5.11+build.322-1.16@net.fabricmc.yarn.20w16a.20w16a+build.4-v2.jar
[22:26:20] [main/DEBUG] (Fabric|Loader) [ClasspathModCandidateFinder] Processing /E:/project/Intellj%20IDEA/Git/Fabric-Andrews-Essentials/.gradle/loom-cache/remapped_mods/fabric-mining-levels-v0-0.1.2+5b8a535aad@net.fabricmc.yarn.20w16a.20w16a+build.4-v2.jar
[22:26:20] [main/DEBUG] (Fabric|Loader) [ClasspathModCandidateFinder] Processing /E:/project/Intellj%20IDEA/Git/Fabric-Andrews-Essentials/.gradle/loom-cache/remapped_mods/fabric-networking-v0-0.1.9+1a47cd78ad@net.fabricmc.yarn.20w16a.20w16a+build.4-v2.jar
[22:26:20] [ForkJoinPool-1-worker-23/DEBUG] (Fabric|Loader) Adding file:/E:/project/Intellj%20IDEA/Git/Fabric-Andrews-Essentials/.gradle/loom-cache/remapped_mods/fabric-loader-0.8.2+build.194@net.fabricmc.yarn.20w16a.20w16a+build.4-v2.jar as ModCandidate{fabricloader@0.8.2+build.194}
[22:26:20] [ForkJoinPool-1-worker-23/DEBUG] (Fabric|Loader) Searching for nested JARs in ModCandidate{fabricloader@0.8.2+build.194}
[22:26:20] [ForkJoinPool-1-worker-13/DEBUG] (Fabric|Loader) Adding file:/E:/project/Intellj%20IDEA/Git/Fabric-Andrews-Essentials/.gradle/loom-cache/remapped_mods/fabric-models-v0-0.1.0+dfdb52d6ad@net.fabricmc.yarn.20w16a.20w16a+build.4-v2.jar as ModCandidate{fabric-models-v0@0.1.0+dfdb52d6ad}
[22:26:20] [ForkJoinPool-1-worker-3/DEBUG] (Fabric|Loader) Adding file:/E:/project/Intellj%20IDEA/Git/Fabric-Andrews-Essentials/.gradle/loom-cache/remapped_mods/fabric-keybindings-v0-0.1.1+dfdb52d6ad@net.fabricmc.yarn.20w16a.20w16a+build.4-v2.jar as ModCandidate{fabric-keybindings-v0@0.1.1+dfdb52d6ad}
[22:26:20] [ForkJoinPool-1-worker-9/DEBUG] (Fabric|Loader) Adding file:/E:/project/Intellj%20IDEA/Git/Fabric-Andrews-Essentials/.gradle/loom-cache/remapped_mods/fabric-content-registries-v0-0.1.5+88afe607ad@net.fabricmc.yarn.20w16a.20w16a+build.4-v2.jar as ModCandidate{fabric-content-registries-v0@0.1.5+88afe607ad}
[22:26:20] [ForkJoinPool-1-worker-21/DEBUG] (Fabric|Loader) Adding file:/E:/project/Intellj%20IDEA/Git/Fabric-Andrews-Essentials/.gradle/loom-cache/remapped_mods/fabric-rendering-fluids-v1-0.1.7+12a8474cad@net.fabricmc.yarn.20w16a.20w16a+build.4-v2.jar as ModCandidate{fabric-rendering-fluids-v1@0.1.7+12a8474cad}
[22:26:20] [ForkJoinPool-1-worker-19/DEBUG] (Fabric|Loader) Adding file:/E:/project/Intellj%20IDEA/Git/Fabric-Andrews-Essentials/.gradle/loom-cache/remapped_mods/fabric-crash-report-info-v1-0.1.2+b7f9825dad@net.fabricmc.yarn.20w16a.20w16a+build.4-v2.jar as ModCandidate{fabric-crash-report-info-v1@0.1.2+b7f9825dad}
[22:26:20] [ForkJoinPool-1-worker-7/DEBUG] (Fabric|Loader) Adding file:/E:/project/Intellj%20IDEA/Git/Fabric-Andrews-Essentials/.gradle/loom-cache/remapped_mods/fabric-resource-loader-v0-0.1.13+94c7834aad@net.fabricmc.yarn.20w16a.20w16a+build.4-v2.jar as ModCandidate{fabric-resource-loader-v0@0.1.13+94c7834aad}
[22:26:20] [ForkJoinPool-1-worker-3/DEBUG] (Fabric|Loader) Searching for nested JARs in ModCandidate{fabric-keybindings-v0@0.1.1+dfdb52d6ad}
[22:26:20] [ForkJoinPool-1-worker-13/DEBUG] (Fabric|Loader) Searching for nested JARs in ModCandidate{fabric-models-v0@0.1.0+dfdb52d6ad}
[22:26:20] [ForkJoinPool-1-worker-5/DEBUG] (Fabric|Loader) Adding file:/E:/project/Intellj%20IDEA/Git/Fabric-Andrews-Essentials/.gradle/loom-cache/remapped_mods/fabric-loot-tables-v1-0.1.6+2f56dff2ad@net.fabricmc.yarn.20w16a.20w16a+build.4-v2.jar as ModCandidate{fabric-loot-tables-v1@0.1.6+2f56dff2ad}
[22:26:20] [ForkJoinPool-1-worker-9/DEBUG] (Fabric|Loader) Searching for nested JARs in ModCandidate{fabric-content-registries-v0@0.1.5+88afe607ad}
[22:26:20] [ForkJoinPool-1-worker-21/DEBUG] (Fabric|Loader) Searching for nested JARs in ModCandidate{fabric-rendering-fluids-v1@0.1.7+12a8474cad}
[22:26:20] [ForkJoinPool-1-worker-5/DEBUG] (Fabric|Loader) Searching for nested JARs in ModCandidate{fabric-loot-tables-v1@0.1.6+2f56dff2ad}
[22:26:20] [ForkJoinPool-1-worker-23/DEBUG] (Fabric|Loader) Testing file:/E:/project/Intellj%20IDEA/Git/Fabric-Andrews-Essentials/.gradle/loom-cache/remapped_mods/fabric-containers-v0-0.1.7+d249f7b6ad@net.fabricmc.yarn.20w16a.20w16a+build.4-v2.jar
[22:26:20] [ForkJoinPool-1-worker-19/DEBUG] (Fabric|Loader) Searching for nested JARs in ModCandidate{fabric-crash-report-info-v1@0.1.2+b7f9825dad}
[22:26:20] [ForkJoinPool-1-worker-5/DEBUG] (Fabric|Loader) Testing file:/E:/project/Intellj%20IDEA/Git/Fabric-Andrews-Essentials/.gradle/loom-cache/remapped_mods/fabric-blockrenderlayer-v1-1.1.4+c6a8ea89ad@net.fabricmc.yarn.20w16a.20w16a+build.4-v2.jar
[22:26:20] [ForkJoinPool-1-worker-7/DEBUG] (Fabric|Loader) Searching for nested JARs in ModCandidate{fabric-resource-loader-v0@0.1.13+94c7834aad}
[22:26:20] [ForkJoinPool-1-worker-31/DEBUG] (Fabric|Loader) Adding file:/E:/project/Intellj%20IDEA/Git/Fabric-Andrews-Essentials/.gradle/loom-cache/remapped_mods/fabric-registry-sync-v0-0.2.10+eb276f9cad@net.fabricmc.yarn.20w16a.20w16a+build.4-v2.jar as ModCandidate{fabric-registry-sync-v0@0.2.10+eb276f9cad}
[22:26:20] [ForkJoinPool-1-worker-19/DEBUG] (Fabric|Loader) Testing file:/E:/project/Intellj%20IDEA/Git/Fabric-Andrews-Essentials/.gradle/loom-cache/remapped_mods/fabric-commands-v0-0.1.4+a2a96bf9ad@net.fabricmc.yarn.20w16a.20w16a+build.4-v2.jar
[22:26:20] [ForkJoinPool-1-worker-31/DEBUG] (Fabric|Loader) Searching for nested JARs in ModCandidate{fabric-registry-sync-v0@0.2.10+eb276f9cad}
[22:26:20] [ForkJoinPool-1-worker-27/DEBUG] (Fabric|Loader) Adding file:/E:/project/Intellj%20IDEA/Git/Fabric-Andrews-Essentials/.gradle/loom-cache/remapped_mods/fabric-dimensions-v1-0.3.3+a2a96bf9ad@net.fabricmc.yarn.20w16a.20w16a+build.4-v2.jar as ModCandidate{fabric-dimensions-v1@0.3.3+a2a96bf9ad}
[22:26:20] [ForkJoinPool-1-worker-21/DEBUG] (Fabric|Loader) Testing file:/E:/project/Intellj%20IDEA/Git/Fabric-Andrews-Essentials/.gradle/loom-cache/remapped_mods/fabric-biomes-v1-0.2.1+b7d52fa5ad@net.fabricmc.yarn.20w16a.20w16a+build.4-v2.jar
[22:26:20] [ForkJoinPool-1-worker-27/DEBUG] (Fabric|Loader) Searching for nested JARs in ModCandidate{fabric-dimensions-v1@0.3.3+a2a96bf9ad}
[22:26:20] [ForkJoinPool-1-worker-7/DEBUG] (Fabric|Loader) Testing file:/E:/project/Intellj%20IDEA/Git/Fabric-Andrews-Essentials/.gradle/loom-cache/remapped_mods/fabric-item-groups-v0-0.1.10+d249f7b6ad@net.fabricmc.yarn.20w16a.20w16a+build.4-v2.jar
[22:26:20] [ForkJoinPool-1-worker-31/DEBUG] (Fabric|Loader) Testing file:/E:/project/Intellj%20IDEA/Git/Fabric-Andrews-Essentials/build/resources/main/
[22:26:20] [ForkJoinPool-1-worker-3/DEBUG] (Fabric|Loader) Testing file:/E:/project/Intellj%20IDEA/Git/Fabric-Andrews-Essentials/.gradle/loom-cache/remapped_mods/fabric-rendering-data-attachment-v1-0.1.3+b7f9825dad@net.fabricmc.yarn.20w16a.20w16a+build.4-v2.jar
[22:26:20] [ForkJoinPool-1-worker-13/DEBUG] (Fabric|Loader) Testing file:/E:/project/Intellj%20IDEA/Git/Fabric-Andrews-Essentials/.gradle/loom-cache/remapped_mods/fabric-networking-blockentity-v0-0.2.5+b50ffc7bad@net.fabricmc.yarn.20w16a.20w16a+build.4-v2.jar
[22:26:20] [ForkJoinPool-1-worker-9/DEBUG] (Fabric|Loader) Testing file:/E:/project/Intellj%20IDEA/Git/Fabric-Andrews-Essentials/.gradle/loom-cache/remapped_mods/fabric-api-base-0.1.3+12a8474cad@net.fabricmc.yarn.20w16a.20w16a+build.4-v2.jar
[22:26:20] [ForkJoinPool-1-worker-17/DEBUG] (Fabric|Loader) Adding file:/E:/project/Intellj%20IDEA/Git/Fabric-Andrews-Essentials/.gradle/loom-cache/remapped_mods/fabric-events-interaction-v0-0.3.0+04b99794ad@net.fabricmc.yarn.20w16a.20w16a+build.4-v2.jar as ModCandidate{fabric-events-interaction-v0@0.3.0+04b99794ad}
[22:26:20] [ForkJoinPool-1-worker-17/DEBUG] (Fabric|Loader) Searching for nested JARs in ModCandidate{fabric-events-interaction-v0@0.3.0+04b99794ad}
[22:26:20] [ForkJoinPool-1-worker-27/DEBUG] (Fabric|Loader) Testing file:/E:/project/Intellj%20IDEA/Git/Fabric-Andrews-Essentials/.gradle/loom-cache/remapped_mods/fabric-renderer-indigo-0.2.28+c808269fad@net.fabricmc.yarn.20w16a.20w16a+build.4-v2.jar
[22:26:20] [ForkJoinPool-1-worker-17/DEBUG] (Fabric|Loader) Testing file:/E:/project/Intellj%20IDEA/Git/Fabric-Andrews-Essentials/.gradle/loom-cache/remapped_mods/fabric-tag-extensions-v0-0.2.3+9cd8d660ad@net.fabricmc.yarn.20w16a.20w16a+build.4-v2.jar
[22:26:20] [ForkJoinPool-1-worker-31/DEBUG] (Fabric|Loader) Adding file:/E:/project/Intellj%20IDEA/Git/Fabric-Andrews-Essentials/build/resources/main/ as ModCandidate{andrewsessentials@1.0.0}
[22:26:20] [ForkJoinPool-1-worker-31/DEBUG] (Fabric|Loader) Searching for nested JARs in ModCandidate{andrewsessentials@1.0.0}
[22:26:20] [ForkJoinPool-1-worker-31/DEBUG] (Fabric|Loader) Testing file:/E:/project/Intellj%20IDEA/Git/Fabric-Andrews-Essentials/.gradle/loom-cache/remapped_mods/fabric-events-lifecycle-v0-0.1.2+1a47cd78ad@net.fabricmc.yarn.20w16a.20w16a+build.4-v2.jar
[22:26:20] [ForkJoinPool-1-worker-23/DEBUG] (Fabric|Loader) Adding file:/E:/project/Intellj%20IDEA/Git/Fabric-Andrews-Essentials/.gradle/loom-cache/remapped_mods/fabric-containers-v0-0.1.7+d249f7b6ad@net.fabricmc.yarn.20w16a.20w16a+build.4-v2.jar as ModCandidate{fabric-containers-v0@0.1.7+d249f7b6ad}
[22:26:20] [ForkJoinPool-1-worker-23/DEBUG] (Fabric|Loader) Searching for nested JARs in ModCandidate{fabric-containers-v0@0.1.7+d249f7b6ad}
[22:26:20] [ForkJoinPool-1-worker-23/DEBUG] (Fabric|Loader) Testing file:/E:/project/Intellj%20IDEA/Git/Fabric-Andrews-Essentials/.gradle/loom-cache/remapped_mods/fabric-object-builders-v0-0.2.4+eb276f9cad@net.fabricmc.yarn.20w16a.20w16a+build.4-v2.jar
[22:26:20] [ForkJoinPool-1-worker-31/DEBUG] (Fabric|Loader) Adding file:/E:/project/Intellj%20IDEA/Git/Fabric-Andrews-Essentials/.gradle/loom-cache/remapped_mods/fabric-events-lifecycle-v0-0.1.2+1a47cd78ad@net.fabricmc.yarn.20w16a.20w16a+build.4-v2.jar as ModCandidate{fabric-events-lifecycle-v0@0.1.2+1a47cd78ad}
[22:26:20] [ForkJoinPool-1-worker-31/DEBUG] (Fabric|Loader) Searching for nested JARs in ModCandidate{fabric-events-lifecycle-v0@0.1.2+1a47cd78ad}
[22:26:20] [ForkJoinPool-1-worker-31/DEBUG] (Fabric|Loader) Testing file:/E:/project/Intellj%20IDEA/Git/Fabric-Andrews-Essentials/.gradle/loom-cache/remapped_mods/fabric-rendering-v0-1.1.0+53410490ad@net.fabricmc.yarn.20w16a.20w16a+build.4-v2.jar
[22:26:20] [ForkJoinPool-1-worker-17/DEBUG] (Fabric|Loader) Adding file:/E:/project/Intellj%20IDEA/Git/Fabric-Andrews-Essentials/.gradle/loom-cache/remapped_mods/fabric-tag-extensions-v0-0.2.3+9cd8d660ad@net.fabricmc.yarn.20w16a.20w16a+build.4-v2.jar as ModCandidate{fabric-tag-extensions-v0@0.2.3+9cd8d660ad}
[22:26:20] [ForkJoinPool-1-worker-17/DEBUG] (Fabric|Loader) Searching for nested JARs in ModCandidate{fabric-tag-extensions-v0@0.2.3+9cd8d660ad}
[22:26:20] [ForkJoinPool-1-worker-17/DEBUG] (Fabric|Loader) Testing file:/E:/project/Intellj%20IDEA/Git/Fabric-Andrews-Essentials/.gradle/loom-cache/remapped_mods/fabric-rendering-v1-0.1.1+1a47cd78ad@net.fabricmc.yarn.20w16a.20w16a+build.4-v2.jar
[22:26:20] [ForkJoinPool-1-worker-13/DEBUG] (Fabric|Loader) Adding file:/E:/project/Intellj%20IDEA/Git/Fabric-Andrews-Essentials/.gradle/loom-cache/remapped_mods/fabric-networking-blockentity-v0-0.2.5+b50ffc7bad@net.fabricmc.yarn.20w16a.20w16a+build.4-v2.jar as ModCandidate{fabric-networking-blockentity-v0@0.2.5+b50ffc7bad}
[22:26:20] [ForkJoinPool-1-worker-13/DEBUG] (Fabric|Loader) Searching for nested JARs in ModCandidate{fabric-networking-blockentity-v0@0.2.5+b50ffc7bad}
[22:26:20] [ForkJoinPool-1-worker-13/DEBUG] (Fabric|Loader) Testing file:/E:/project/Intellj%20IDEA/Git/Fabric-Andrews-Essentials/.gradle/loom-cache/remapped_mods/fabric-renderer-registries-v1-2.0.1+5a0f9a60ad@net.fabricmc.yarn.20w16a.20w16a+build.4-v2.jar
[22:26:20] [ForkJoinPool-1-worker-3/DEBUG] (Fabric|Loader) Adding file:/E:/project/Intellj%20IDEA/Git/Fabric-Andrews-Essentials/.gradle/loom-cache/remapped_mods/fabric-rendering-data-attachment-v1-0.1.3+b7f9825dad@net.fabricmc.yarn.20w16a.20w16a+build.4-v2.jar as ModCandidate{fabric-rendering-data-attachment-v1@0.1.3+b7f9825dad}
[22:26:20] [ForkJoinPool-1-worker-3/DEBUG] (Fabric|Loader) Searching for nested JARs in ModCandidate{fabric-rendering-data-attachment-v1@0.1.3+b7f9825dad}
[22:26:20] [ForkJoinPool-1-worker-3/DEBUG] (Fabric|Loader) Testing file:/E:/project/Intellj%20IDEA/Git/Fabric-Andrews-Essentials/.gradle/loom-cache/remapped_mods/fabric-textures-v0-1.0.4+821cdba7ad@net.fabricmc.yarn.20w16a.20w16a+build.4-v2.jar
[22:26:20] [ForkJoinPool-1-worker-27/DEBUG] (Fabric|Loader) Adding file:/E:/project/Intellj%20IDEA/Git/Fabric-Andrews-Essentials/.gradle/loom-cache/remapped_mods/fabric-renderer-indigo-0.2.28+c808269fad@net.fabricmc.yarn.20w16a.20w16a+build.4-v2.jar as ModCandidate{fabric-renderer-indigo@0.2.28+c808269fad}
[22:26:20] [ForkJoinPool-1-worker-27/DEBUG] (Fabric|Loader) Searching for nested JARs in ModCandidate{fabric-renderer-indigo@0.2.28+c808269fad}
[22:26:20] [ForkJoinPool-1-worker-27/DEBUG] (Fabric|Loader) Testing file:/E:/project/Intellj%20IDEA/Git/Fabric-Andrews-Essentials/.gradle/loom-cache/remapped_mods/fabric-particles-v1-0.1.2+12a8474cad@net.fabricmc.yarn.20w16a.20w16a+build.4-v2.jar
[22:26:20] [ForkJoinPool-1-worker-9/DEBUG] (Fabric|Loader) Adding file:/E:/project/Intellj%20IDEA/Git/Fabric-Andrews-Essentials/.gradle/loom-cache/remapped_mods/fabric-api-base-0.1.3+12a8474cad@net.fabricmc.yarn.20w16a.20w16a+build.4-v2.jar as ModCandidate{fabric-api-base@0.1.3+12a8474cad}
[22:26:20] [ForkJoinPool-1-worker-9/DEBUG] (Fabric|Loader) Searching for nested JARs in ModCandidate{fabric-api-base@0.1.3+12a8474cad}
[22:26:20] [ForkJoinPool-1-worker-9/DEBUG] (Fabric|Loader) Testing file:/E:/project/Intellj%20IDEA/Git/Fabric-Andrews-Essentials/.gradle/loom-cache/remapped_mods/fabric-renderer-api-v1-0.2.12+12a8474cad@net.fabricmc.yarn.20w16a.20w16a+build.4-v2.jar
[22:26:20] [ForkJoinPool-1-worker-21/DEBUG] (Fabric|Loader) Adding file:/E:/project/Intellj%20IDEA/Git/Fabric-Andrews-Essentials/.gradle/loom-cache/remapped_mods/fabric-biomes-v1-0.2.1+b7d52fa5ad@net.fabricmc.yarn.20w16a.20w16a+build.4-v2.jar as ModCandidate{fabric-biomes-v1@0.2.1+b7d52fa5ad}
[22:26:20] [ForkJoinPool-1-worker-21/DEBUG] (Fabric|Loader) Searching for nested JARs in ModCandidate{fabric-biomes-v1@0.2.1+b7d52fa5ad}
[22:26:20] [ForkJoinPool-1-worker-21/DEBUG] (Fabric|Loader) Testing file:/E:/project/Intellj%20IDEA/Git/Fabric-Andrews-Essentials/.gradle/loom-cache/remapped_mods/fabric-api-0.5.11+build.322-1.16@net.fabricmc.yarn.20w16a.20w16a+build.4-v2.jar
[22:26:20] [ForkJoinPool-1-worker-7/DEBUG] (Fabric|Loader) Adding file:/E:/project/Intellj%20IDEA/Git/Fabric-Andrews-Essentials/.gradle/loom-cache/remapped_mods/fabric-item-groups-v0-0.1.10+d249f7b6ad@net.fabricmc.yarn.20w16a.20w16a+build.4-v2.jar as ModCandidate{fabric-item-groups-v0@0.1.10+d249f7b6ad}
[22:26:20] [ForkJoinPool-1-worker-7/DEBUG] (Fabric|Loader) Searching for nested JARs in ModCandidate{fabric-item-groups-v0@0.1.10+d249f7b6ad}
[22:26:20] [ForkJoinPool-1-worker-7/DEBUG] (Fabric|Loader) Testing file:/E:/project/Intellj%20IDEA/Git/Fabric-Andrews-Essentials/.gradle/loom-cache/remapped_mods/fabric-mining-levels-v0-0.1.2+5b8a535aad@net.fabricmc.yarn.20w16a.20w16a+build.4-v2.jar
[22:26:20] [ForkJoinPool-1-worker-19/DEBUG] (Fabric|Loader) Adding file:/E:/project/Intellj%20IDEA/Git/Fabric-Andrews-Essentials/.gradle/loom-cache/remapped_mods/fabric-commands-v0-0.1.4+a2a96bf9ad@net.fabricmc.yarn.20w16a.20w16a+build.4-v2.jar as ModCandidate{fabric-commands-v0@0.1.4+a2a96bf9ad}
[22:26:20] [ForkJoinPool-1-worker-19/DEBUG] (Fabric|Loader) Searching for nested JARs in ModCandidate{fabric-commands-v0@0.1.4+a2a96bf9ad}
[22:26:20] [ForkJoinPool-1-worker-19/DEBUG] (Fabric|Loader) Testing file:/E:/project/Intellj%20IDEA/Git/Fabric-Andrews-Essentials/.gradle/loom-cache/remapped_mods/fabric-networking-v0-0.1.9+1a47cd78ad@net.fabricmc.yarn.20w16a.20w16a+build.4-v2.jar
[22:26:20] [ForkJoinPool-1-worker-5/DEBUG] (Fabric|Loader) Adding file:/E:/project/Intellj%20IDEA/Git/Fabric-Andrews-Essentials/.gradle/loom-cache/remapped_mods/fabric-blockrenderlayer-v1-1.1.4+c6a8ea89ad@net.fabricmc.yarn.20w16a.20w16a+build.4-v2.jar as ModCandidate{fabric-blockrenderlayer-v1@1.1.4+c6a8ea89ad}
[22:26:20] [ForkJoinPool-1-worker-5/DEBUG] (Fabric|Loader) Searching for nested JARs in ModCandidate{fabric-blockrenderlayer-v1@1.1.4+c6a8ea89ad}
[22:26:20] [ForkJoinPool-1-worker-19/DEBUG] (Fabric|Loader) Adding file:/E:/project/Intellj%20IDEA/Git/Fabric-Andrews-Essentials/.gradle/loom-cache/remapped_mods/fabric-networking-v0-0.1.9+1a47cd78ad@net.fabricmc.yarn.20w16a.20w16a+build.4-v2.jar as ModCandidate{fabric-networking-v0@0.1.9+1a47cd78ad}
[22:26:20] [ForkJoinPool-1-worker-19/DEBUG] (Fabric|Loader) Searching for nested JARs in ModCandidate{fabric-networking-v0@0.1.9+1a47cd78ad}
[22:26:20] [ForkJoinPool-1-worker-7/DEBUG] (Fabric|Loader) Adding file:/E:/project/Intellj%20IDEA/Git/Fabric-Andrews-Essentials/.gradle/loom-cache/remapped_mods/fabric-mining-levels-v0-0.1.2+5b8a535aad@net.fabricmc.yarn.20w16a.20w16a+build.4-v2.jar as ModCandidate{fabric-mining-levels-v0@0.1.2+5b8a535aad}
[22:26:20] [ForkJoinPool-1-worker-7/DEBUG] (Fabric|Loader) Searching for nested JARs in ModCandidate{fabric-mining-levels-v0@0.1.2+5b8a535aad}
[22:26:20] [ForkJoinPool-1-worker-21/DEBUG] (Fabric|Loader) Adding file:/E:/project/Intellj%20IDEA/Git/Fabric-Andrews-Essentials/.gradle/loom-cache/remapped_mods/fabric-api-0.5.11+build.322-1.16@net.fabricmc.yarn.20w16a.20w16a+build.4-v2.jar as ModCandidate{fabric@0.5.11+build.322-1.16}
[22:26:20] [ForkJoinPool-1-worker-21/DEBUG] (Fabric|Loader) Searching for nested JARs in ModCandidate{fabric@0.5.11+build.322-1.16}
[22:26:20] [ForkJoinPool-1-worker-9/DEBUG] (Fabric|Loader) Adding file:/E:/project/Intellj%20IDEA/Git/Fabric-Andrews-Essentials/.gradle/loom-cache/remapped_mods/fabric-renderer-api-v1-0.2.12+12a8474cad@net.fabricmc.yarn.20w16a.20w16a+build.4-v2.jar as ModCandidate{fabric-renderer-api-v1@0.2.12+12a8474cad}
[22:26:20] [ForkJoinPool-1-worker-9/DEBUG] (Fabric|Loader) Searching for nested JARs in ModCandidate{fabric-renderer-api-v1@0.2.12+12a8474cad}
[22:26:20] [ForkJoinPool-1-worker-27/DEBUG] (Fabric|Loader) Adding file:/E:/project/Intellj%20IDEA/Git/Fabric-Andrews-Essentials/.gradle/loom-cache/remapped_mods/fabric-particles-v1-0.1.2+12a8474cad@net.fabricmc.yarn.20w16a.20w16a+build.4-v2.jar as ModCandidate{fabric-particles-v1@0.1.2+12a8474cad}
[22:26:20] [ForkJoinPool-1-worker-27/DEBUG] (Fabric|Loader) Searching for nested JARs in ModCandidate{fabric-particles-v1@0.1.2+12a8474cad}
[22:26:20] [ForkJoinPool-1-worker-3/DEBUG] (Fabric|Loader) Adding file:/E:/project/Intellj%20IDEA/Git/Fabric-Andrews-Essentials/.gradle/loom-cache/remapped_mods/fabric-textures-v0-1.0.4+821cdba7ad@net.fabricmc.yarn.20w16a.20w16a+build.4-v2.jar as ModCandidate{fabric-textures-v0@1.0.4+821cdba7ad}
[22:26:20] [ForkJoinPool-1-worker-3/DEBUG] (Fabric|Loader) Searching for nested JARs in ModCandidate{fabric-textures-v0@1.0.4+821cdba7ad}
[22:26:20] [ForkJoinPool-1-worker-13/DEBUG] (Fabric|Loader) Adding file:/E:/project/Intellj%20IDEA/Git/Fabric-Andrews-Essentials/.gradle/loom-cache/remapped_mods/fabric-renderer-registries-v1-2.0.1+5a0f9a60ad@net.fabricmc.yarn.20w16a.20w16a+build.4-v2.jar as ModCandidate{fabric-renderer-registries-v1@2.0.1+5a0f9a60ad}
[22:26:20] [ForkJoinPool-1-worker-13/DEBUG] (Fabric|Loader) Searching for nested JARs in ModCandidate{fabric-renderer-registries-v1@2.0.1+5a0f9a60ad}
[22:26:20] [ForkJoinPool-1-worker-17/DEBUG] (Fabric|Loader) Adding file:/E:/project/Intellj%20IDEA/Git/Fabric-Andrews-Essentials/.gradle/loom-cache/remapped_mods/fabric-rendering-v1-0.1.1+1a47cd78ad@net.fabricmc.yarn.20w16a.20w16a+build.4-v2.jar as ModCandidate{fabric-rendering-v1@0.1.1+1a47cd78ad}
[22:26:20] [ForkJoinPool-1-worker-17/DEBUG] (Fabric|Loader) Searching for nested JARs in ModCandidate{fabric-rendering-v1@0.1.1+1a47cd78ad}
[22:26:20] [ForkJoinPool-1-worker-31/DEBUG] (Fabric|Loader) Adding file:/E:/project/Intellj%20IDEA/Git/Fabric-Andrews-Essentials/.gradle/loom-cache/remapped_mods/fabric-rendering-v0-1.1.0+53410490ad@net.fabricmc.yarn.20w16a.20w16a+build.4-v2.jar as ModCandidate{fabric-rendering-v0@1.1.0+53410490ad}
[22:26:20] [ForkJoinPool-1-worker-31/DEBUG] (Fabric|Loader) Searching for nested JARs in ModCandidate{fabric-rendering-v0@1.1.0+53410490ad}
[22:26:20] [ForkJoinPool-1-worker-23/DEBUG] (Fabric|Loader) Adding file:/E:/project/Intellj%20IDEA/Git/Fabric-Andrews-Essentials/.gradle/loom-cache/remapped_mods/fabric-object-builders-v0-0.2.4+eb276f9cad@net.fabricmc.yarn.20w16a.20w16a+build.4-v2.jar as ModCandidate{fabric-object-builders-v0@0.2.4+eb276f9cad}
[22:26:20] [ForkJoinPool-1-worker-23/DEBUG] (Fabric|Loader) Searching for nested JARs in ModCandidate{fabric-object-builders-v0@0.2.4+eb276f9cad}
[22:26:20] [main/DEBUG] (Fabric|Loader) Mod resolution detection time: 97ms
[22:26:20] [main/DEBUG] (Fabric|Loader) Mod resolution time: 4ms
[22:26:20] [main/INFO] (Fabric|Loader) [FabricLoader] Loading 34 mods: fabric-networking-blockentity-v0@0.2.5+b50ffc7bad, minecraft@1.16-alpha.20.16.a, fabric-renderer-api-v1@0.2.12+12a8474cad, fabric-keybindings-v0@0.1.1+dfdb52d6ad, fabricloader@0.8.2+build.194, andrewsessentials@1.0.0, fabric-renderer-indigo@0.2.28+c808269fad, fabric-containers-v0@0.1.7+d249f7b6ad, fabric-dimensions-v1@0.3.3+a2a96bf9ad, fabric-biomes-v1@0.2.1+b7d52fa5ad, fabric-events-interaction-v0@0.3.0+04b99794ad, fabric-crash-report-info-v1@0.1.2+b7f9825dad, fabric-api-base@0.1.3+12a8474cad, fabric-rendering-v0@1.1.0+53410490ad, fabric-rendering-v1@0.1.1+1a47cd78ad, fabric-rendering-data-attachment-v1@0.1.3+b7f9825dad, fabric-resource-loader-v0@0.1.13+94c7834aad, fabric-textures-v0@1.0.4+821cdba7ad, fabric-content-registries-v0@0.1.5+88afe607ad, fabric-tag-extensions-v0@0.2.3+9cd8d660ad, fabric-rendering-fluids-v1@0.1.7+12a8474cad, fabric-registry-sync-v0@0.2.10+eb276f9cad, fabric-commands-v0@0.1.4+a2a96bf9ad, fabric-blockrenderlayer-v1@1.1.4+c6a8ea89ad, fabric-mining-levels-v0@0.1.2+5b8a535aad, fabric-renderer-registries-v1@2.0.1+5a0f9a60ad, fabric-loot-tables-v1@0.1.6+2f56dff2ad, fabric-events-lifecycle-v0@0.1.2+1a47cd78ad, fabric@0.5.11+build.322-1.16, fabric-models-v0@0.1.0+dfdb52d6ad, fabric-item-groups-v0@0.1.10+d249f7b6ad, fabric-particles-v1@0.1.2+12a8474cad, fabric-networking-v0@0.1.9+1a47cd78ad, fabric-object-builders-v0@0.2.4+eb276f9cad
[22:26:20] [main/DEBUG] (FabricLoader) [Knot] Proposed file:/E:/project/Intellj%20IDEA/Git/Fabric-Andrews-Essentials/.gradle/loom-cache/remapped_mods/fabric-networking-blockentity-v0-0.2.5+b50ffc7bad@net.fabricmc.yarn.20w16a.20w16a+build.4-v2.jar to classpath.
[22:26:20] [main/DEBUG] (FabricLoader) [Knot] Proposed file:/C:/Users/andre/.gradle/caches/fabric-loom/20w16a-mapped-net.fabricmc.yarn-20w16a+build.4-v2/minecraft-20w16a-mapped-net.fabricmc.yarn-20w16a+build.4-v2.jar to classpath.
[22:26:20] [main/DEBUG] (FabricLoader) [Knot] Proposed file:/E:/project/Intellj%20IDEA/Git/Fabric-Andrews-Essentials/build/resources/main/ to classpath.
[22:26:20] [main/DEBUG] (FabricLoader) [Knot] Proposed file:/E:/project/Intellj%20IDEA/Git/Fabric-Andrews-Essentials/.gradle/loom-cache/remapped_mods/fabric-containers-v0-0.1.7+d249f7b6ad@net.fabricmc.yarn.20w16a.20w16a+build.4-v2.jar to classpath.
[22:26:20] [main/DEBUG] (FabricLoader) [Knot] Proposed file:/E:/project/Intellj%20IDEA/Git/Fabric-Andrews-Essentials/.gradle/loom-cache/remapped_mods/fabric-dimensions-v1-0.3.3+a2a96bf9ad@net.fabricmc.yarn.20w16a.20w16a+build.4-v2.jar to classpath.
[22:26:20] [main/DEBUG] (FabricLoader) [Knot] Proposed file:/E:/project/Intellj%20IDEA/Git/Fabric-Andrews-Essentials/.gradle/loom-cache/remapped_mods/fabric-biomes-v1-0.2.1+b7d52fa5ad@net.fabricmc.yarn.20w16a.20w16a+build.4-v2.jar to classpath.
[22:26:20] [main/DEBUG] (FabricLoader) [Knot] Proposed file:/E:/project/Intellj%20IDEA/Git/Fabric-Andrews-Essentials/.gradle/loom-cache/remapped_mods/fabric-events-interaction-v0-0.3.0+04b99794ad@net.fabricmc.yarn.20w16a.20w16a+build.4-v2.jar to classpath.
[22:26:20] [main/DEBUG] (FabricLoader) [Knot] Proposed file:/E:/project/Intellj%20IDEA/Git/Fabric-Andrews-Essentials/.gradle/loom-cache/remapped_mods/fabric-crash-report-info-v1-0.1.2+b7f9825dad@net.fabricmc.yarn.20w16a.20w16a+build.4-v2.jar to classpath.
[22:26:20] [main/DEBUG] (FabricLoader) [Knot] Proposed file:/E:/project/Intellj%20IDEA/Git/Fabric-Andrews-Essentials/.gradle/loom-cache/remapped_mods/fabric-api-base-0.1.3+12a8474cad@net.fabricmc.yarn.20w16a.20w16a+build.4-v2.jar to classpath.
[22:26:20] [main/DEBUG] (FabricLoader) [Knot] Proposed file:/E:/project/Intellj%20IDEA/Git/Fabric-Andrews-Essentials/.gradle/loom-cache/remapped_mods/fabric-rendering-data-attachment-v1-0.1.3+b7f9825dad@net.fabricmc.yarn.20w16a.20w16a+build.4-v2.jar to classpath.
[22:26:20] [main/DEBUG] (FabricLoader) [Knot] Proposed file:/E:/project/Intellj%20IDEA/Git/Fabric-Andrews-Essentials/.gradle/loom-cache/remapped_mods/fabric-resource-loader-v0-0.1.13+94c7834aad@net.fabricmc.yarn.20w16a.20w16a+build.4-v2.jar to classpath.
[22:26:20] [main/DEBUG] (FabricLoader) [Knot] Proposed file:/E:/project/Intellj%20IDEA/Git/Fabric-Andrews-Essentials/.gradle/loom-cache/remapped_mods/fabric-content-registries-v0-0.1.5+88afe607ad@net.fabricmc.yarn.20w16a.20w16a+build.4-v2.jar to classpath.
[22:26:20] [main/DEBUG] (FabricLoader) [Knot] Proposed file:/E:/project/Intellj%20IDEA/Git/Fabric-Andrews-Essentials/.gradle/loom-cache/remapped_mods/fabric-tag-extensions-v0-0.2.3+9cd8d660ad@net.fabricmc.yarn.20w16a.20w16a+build.4-v2.jar to classpath.
[22:26:20] [main/DEBUG] (FabricLoader) [Knot] Proposed file:/E:/project/Intellj%20IDEA/Git/Fabric-Andrews-Essentials/.gradle/loom-cache/remapped_mods/fabric-registry-sync-v0-0.2.10+eb276f9cad@net.fabricmc.yarn.20w16a.20w16a+build.4-v2.jar to classpath.
[22:26:20] [main/DEBUG] (FabricLoader) [Knot] Proposed file:/E:/project/Intellj%20IDEA/Git/Fabric-Andrews-Essentials/.gradle/loom-cache/remapped_mods/fabric-commands-v0-0.1.4+a2a96bf9ad@net.fabricmc.yarn.20w16a.20w16a+build.4-v2.jar to classpath.
[22:26:20] [main/DEBUG] (FabricLoader) [Knot] Proposed file:/E:/project/Intellj%20IDEA/Git/Fabric-Andrews-Essentials/.gradle/loom-cache/remapped_mods/fabric-mining-levels-v0-0.1.2+5b8a535aad@net.fabricmc.yarn.20w16a.20w16a+build.4-v2.jar to classpath.
[22:26:20] [main/DEBUG] (FabricLoader) [Knot] Proposed file:/E:/project/Intellj%20IDEA/Git/Fabric-Andrews-Essentials/.gradle/loom-cache/remapped_mods/fabric-loot-tables-v1-0.1.6+2f56dff2ad@net.fabricmc.yarn.20w16a.20w16a+build.4-v2.jar to classpath.
[22:26:20] [main/DEBUG] (FabricLoader) [Knot] Proposed file:/E:/project/Intellj%20IDEA/Git/Fabric-Andrews-Essentials/.gradle/loom-cache/remapped_mods/fabric-events-lifecycle-v0-0.1.2+1a47cd78ad@net.fabricmc.yarn.20w16a.20w16a+build.4-v2.jar to classpath.
[22:26:20] [main/DEBUG] (FabricLoader) [Knot] Proposed file:/E:/project/Intellj%20IDEA/Git/Fabric-Andrews-Essentials/.gradle/loom-cache/remapped_mods/fabric-api-0.5.11+build.322-1.16@net.fabricmc.yarn.20w16a.20w16a+build.4-v2.jar to classpath.
[22:26:20] [main/DEBUG] (FabricLoader) [Knot] Proposed file:/E:/project/Intellj%20IDEA/Git/Fabric-Andrews-Essentials/.gradle/loom-cache/remapped_mods/fabric-item-groups-v0-0.1.10+d249f7b6ad@net.fabricmc.yarn.20w16a.20w16a+build.4-v2.jar to classpath.
[22:26:20] [main/DEBUG] (FabricLoader) [Knot] Proposed file:/E:/project/Intellj%20IDEA/Git/Fabric-Andrews-Essentials/.gradle/loom-cache/remapped_mods/fabric-particles-v1-0.1.2+12a8474cad@net.fabricmc.yarn.20w16a.20w16a+build.4-v2.jar to classpath.
[22:26:20] [main/DEBUG] (FabricLoader) [Knot] Proposed file:/E:/project/Intellj%20IDEA/Git/Fabric-Andrews-Essentials/.gradle/loom-cache/remapped_mods/fabric-networking-v0-0.1.9+1a47cd78ad@net.fabricmc.yarn.20w16a.20w16a+build.4-v2.jar to classpath.
[22:26:20] [main/DEBUG] (FabricLoader) [Knot] Proposed file:/E:/project/Intellj%20IDEA/Git/Fabric-Andrews-Essentials/.gradle/loom-cache/remapped_mods/fabric-object-builders-v0-0.2.4+eb276f9cad@net.fabricmc.yarn.20w16a.20w16a+build.4-v2.jar to classpath.
[22:26:20] [main/DEBUG] (Fabric|Loader) Registering new-style initializer com.andrew121410.ess.Main for mod andrewsessentials (key main)
[22:26:20] [main/DEBUG] (Fabric|Loader) Registering new-style initializer net.fabricmc.fabric.impl.client.container.ScreenProviderRegistryImpl::init for mod fabric-containers-v0 (key client)
[22:26:20] [main/DEBUG] (Fabric|Loader) Registering new-style initializer net.fabricmc.fabric.impl.dimension.FabricDimensionClientInit::onClientInit for mod fabric-dimensions-v1 (key client)
[22:26:20] [main/DEBUG] (Fabric|Loader) Registering new-style initializer net.fabricmc.fabric.impl.event.interaction.InteractionEventsRouterClient for mod fabric-events-interaction-v0 (key client)
[22:26:20] [main/DEBUG] (Fabric|Loader) Registering new-style initializer net.fabricmc.fabric.impl.event.interaction.InteractionEventsRouter for mod fabric-events-interaction-v0 (key main)
[22:26:20] [main/DEBUG] (Fabric|Loader) Registering new-style initializer net.fabricmc.fabric.impl.registry.sync.FabricRegistryClientInit for mod fabric-registry-sync-v0 (key client)
[22:26:21] [main/DEBUG] (mixin) Mixin bootstrap service org.spongepowered.asm.service.mojang.MixinServiceLaunchWrapperBootstrap is not available: LaunchWrapper is not available
[22:26:21] [main/DEBUG] (mixin) Mixin bootstrap service org.spongepowered.asm.service.modlauncher.MixinServiceModLauncherBootstrap is not available: ModLauncher is not available
[22:26:21] [main/DEBUG] (mixin) MixinService [ModLauncher] is not valid
[22:26:21] [main/DEBUG] (mixin) MixinService [Knot/Fabric] was successfully booted in jdk.internal.loader.ClassLoaders$AppClassLoader@77556fd
[22:26:21] [main/INFO] (mixin) SpongePowered MIXIN Subsystem Version=0.8 Source=file:/C:/Users/andre/.gradle/caches/modules-2/files-2.1/net.fabricmc/sponge-mixin/0.8+build.18/af077ad2845a00cde186fa2c99c4dd32bd2a2766/sponge-mixin-0.8+build.18.jar Service=Knot/Fabric Env=SERVER
[22:26:21] [main/DEBUG] (mixin) Initialising Mixin Platform Manager
[22:26:21] [main/DEBUG] (mixin) Adding mixin platform agents for container ContainerHandleURI(file:/E:/project/Intellj%20IDEA/Git/Fabric-Andrews-Essentials/.gradle/loom-cache/remapped_mods/fabric-loader-0.8.2+build.194@net.fabricmc.yarn.20w16a.20w16a+build.4-v2.jar)
[22:26:21] [main/DEBUG] (mixin) Instancing new MixinPlatformAgentDefault for ContainerHandleURI(file:/E:/project/Intellj%20IDEA/Git/Fabric-Andrews-Essentials/.gradle/loom-cache/remapped_mods/fabric-loader-0.8.2+build.194@net.fabricmc.yarn.20w16a.20w16a+build.4-v2.jar)
[22:26:21] [main/DEBUG] (mixin) MixinPlatformAgentDefault accepted container ContainerHandleURI(file:/E:/project/Intellj%20IDEA/Git/Fabric-Andrews-Essentials/.gradle/loom-cache/remapped_mods/fabric-loader-0.8.2+build.194@net.fabricmc.yarn.20w16a.20w16a+build.4-v2.jar)
[22:26:21] [main/DEBUG] (mixin) Instancing new MixinPlatformAgentDefault for ContainerHandleURI(file:/E:/project/Intellj%20IDEA/Git/Fabric-Andrews-Essentials/.gradle/loom-cache/remapped_mods/fabric-loader-0.8.2+build.194@net.fabricmc.yarn.20w16a.20w16a+build.4-v2.jar)
[22:26:21] [main/DEBUG] (mixin) MixinPlatformAgentDefault accepted container ContainerHandleURI(file:/E:/project/Intellj%20IDEA/Git/Fabric-Andrews-Essentials/.gradle/loom-cache/remapped_mods/fabric-loader-0.8.2+build.194@net.fabricmc.yarn.20w16a.20w16a+build.4-v2.jar)
[22:26:21] [main/DEBUG] (mixin) Processing prepare() for PlatformAgent[MixinPlatformAgentDefault:ContainerHandleURI(file:/E:/project/Intellj%20IDEA/Git/Fabric-Andrews-Essentials/.gradle/loom-cache/remapped_mods/fabric-loader-0.8.2+build.194@net.fabricmc.yarn.20w16a.20w16a+build.4-v2.jar)]
[22:26:21] [main/DEBUG] (mixin) Processing prepare() for PlatformAgent[MixinPlatformAgentDefault:ContainerHandleURI(file:/E:/project/Intellj%20IDEA/Git/Fabric-Andrews-Essentials/.gradle/loom-cache/remapped_mods/fabric-loader-0.8.2+build.194@net.fabricmc.yarn.20w16a.20w16a+build.4-v2.jar)]
[22:26:21] [main/DEBUG] (FabricLoader) Loading mappings took 135 ms
[22:26:21] [main/INFO] (Fabric|MixinBootstrap) Loaded Fabric development mappings for mixin remapper!
[22:26:21] [main/DEBUG] (mixin) Mixin config fabric-networking-v0.mixins.json does not specify "minVersion" property
[22:26:21] [main/DEBUG] (mixin) Mixin config fabric-networking-blockentity-v0.mixins.json does not specify "minVersion" property
[22:26:21] [main/DEBUG] (mixin) Mixin config fabric-biomes-v1.mixins.json does not specify "minVersion" property
[22:26:21] [main/DEBUG] (mixin) Mixin config fabric-resource-loader-v0.mixins.json does not specify "minVersion" property
[22:26:21] [main/DEBUG] (mixin) Mixin config fabric-mining-levels-v0.mixins.json does not specify "minVersion" property
[22:26:21] [main/DEBUG] (mixin) Mixin config fabric-particles-v1.mixins.json does not specify "minVersion" property
[22:26:21] [main/DEBUG] (mixin) Mixin config fabric-containers-v0.mixins.json does not specify "minVersion" property
[22:26:21] [main/DEBUG] (mixin) Mixin config fabric-object-builders-v0.mixins.json does not specify "minVersion" property
[22:26:21] [main/DEBUG] (mixin) Mixin config fabric-tag-extensions-v0.mixins.json does not specify "minVersion" property
[22:26:21] [main/DEBUG] (mixin) Mixin config fabric-rendering-data-attachment-v1.mixins.json does not specify "minVersion" property
[22:26:21] [main/DEBUG] (mixin) Mixin config fabric-item-groups-v0.mixins.json does not specify "minVersion" property
[22:26:21] [main/DEBUG] (mixin) Mixin config fabric-events-interaction-v0.mixins.json does not specify "minVersion" property
[22:26:21] [main/DEBUG] (mixin) Mixin config fabric-loot-tables-v1.mixins.json does not specify "minVersion" property
[22:26:21] [main/DEBUG] (mixin) Mixin config fabric-content-registries-v0.mixins.json does not specify "minVersion" property
[22:26:21] [main/DEBUG] (mixin) Mixin config fabric-dimensions-v1.mixins.json does not specify "minVersion" property
[22:26:21] [main/DEBUG] (mixin) Mixin config fabric-registry-sync-v0.mixins.json does not specify "minVersion" property
[22:26:21] [main/DEBUG] (mixin) Mixin config fabric-crash-report-info-v1.mixins.json does not specify "minVersion" property
[22:26:21] [main/DEBUG] (mixin) Mixin config fabric-containers-v0.accurate.mixins.json does not specify "minVersion" property
[22:26:21] [main/DEBUG] (mixin) Mixin config fabric-events-lifecycle-v0.mixins.json does not specify "minVersion" property
[22:26:21] [main/DEBUG] (mixin) Mixin config fabric-commands-v0.mixins.json does not specify "minVersion" property
[22:26:21] [main/DEBUG] (mixin) Error cleaning class output directory: .mixin.out\class: failed to delete one or more files; see suppressed exceptions for details
[22:26:21] [main/DEBUG] (Fabric|Loader) No subscribers for entrypoint 'preLaunch'
[22:26:21] [main/DEBUG] (mixin) Preparing mixins for MixinEnvironment[DEFAULT]
[22:26:21] [main/DEBUG] (mixin) Selecting config fabric-networking-v0.mixins.json
[22:26:21] [main/INFO] (mixin) Remapping refMap fabric-networking-v0-refmap.json using remapper chain
[22:26:22] [main/DEBUG] (mixin) Selecting config fabric-networking-blockentity-v0.mixins.json
[22:26:22] [main/INFO] (mixin) Remapping refMap fabric-networking-blockentity-v0-refmap.json using remapper chain
[22:26:22] [main/DEBUG] (mixin) Selecting config fabric-biomes-v1.mixins.json
[22:26:22] [main/INFO] (mixin) Remapping refMap fabric-biomes-v1-refmap.json using remapper chain
[22:26:22] [main/DEBUG] (mixin) Selecting config fabric-resource-loader-v0.mixins.json
[22:26:22] [main/INFO] (mixin) Remapping refMap fabric-resource-loader-v0-refmap.json using remapper chain
[22:26:22] [main/DEBUG] (mixin) Selecting config fabric-mining-levels-v0.mixins.json
[22:26:22] [main/INFO] (mixin) Remapping refMap fabric-mining-levels-v0-refmap.json using remapper chain
[22:26:22] [main/DEBUG] (mixin) Selecting config fabric-particles-v1.mixins.json
[22:26:22] [main/INFO] (mixin) Remapping refMap fabric-particles-v1-refmap.json using remapper chain
[22:26:22] [main/DEBUG] (mixin) Selecting config fabric-containers-v0.mixins.json
[22:26:22] [main/INFO] (mixin) Remapping refMap fabric-containers-v0-refmap.json using remapper chain
[22:26:22] [main/DEBUG] (mixin) Selecting config fabric-object-builders-v0.mixins.json
[22:26:22] [main/INFO] (mixin) Remapping refMap fabric-object-builders-refmap.json using remapper chain
[22:26:22] [main/DEBUG] (mixin) Selecting config fabric-tag-extensions-v0.mixins.json
[22:26:22] [main/INFO] (mixin) Remapping refMap fabric-tag-extensions-v0-refmap.json using remapper chain
[22:26:22] [main/DEBUG] (mixin) Selecting config fabric-rendering-data-attachment-v1.mixins.json
[22:26:22] [main/INFO] (mixin) Remapping refMap fabric-rendering-data-attachment-v1-refmap.json using remapper chain
[22:26:22] [main/DEBUG] (mixin) Selecting config fabric-item-groups-v0.mixins.json
[22:26:22] [main/INFO] (mixin) Remapping refMap fabric-item-groups-v0-refmap.json using remapper chain
[22:26:22] [main/DEBUG] (mixin) Selecting config fabric-events-interaction-v0.mixins.json
[22:26:22] [main/INFO] (mixin) Remapping refMap fabric-events-interaction-v0-refmap.json using remapper chain
[22:26:22] [main/DEBUG] (mixin) Selecting config fabric-loot-tables-v1.mixins.json
[22:26:22] [main/INFO] (mixin) Remapping refMap fabric-loot-tables-v1-refmap.json using remapper chain
[22:26:22] [main/DEBUG] (mixin) Selecting config fabric-content-registries-v0.mixins.json
[22:26:22] [main/INFO] (mixin) Remapping refMap fabric-content-registries-v0-refmap.json using remapper chain
[22:26:22] [main/DEBUG] (mixin) Selecting config fabric-dimensions-v1.mixins.json
[22:26:22] [main/INFO] (mixin) Remapping refMap fabric-dimensions-v1-refmap.json using remapper chain
[22:26:22] [main/DEBUG] (mixin) Selecting config fabric-registry-sync-v0.mixins.json
[22:26:22] [main/INFO] (mixin) Remapping refMap fabric-registry-sync-v0-refmap.json using remapper chain
[22:26:22] [main/DEBUG] (mixin) Selecting config fabric-crash-report-info-v1.mixins.json
[22:26:22] [main/INFO] (mixin) Remapping refMap fabric-crash-report-info-v1-refmap.json using remapper chain
[22:26:22] [main/DEBUG] (mixin) Selecting config fabric-containers-v0.accurate.mixins.json
[22:26:22] [main/INFO] (mixin) Remapping refMap fabric-containers-v0-refmap.json using remapper chain
[22:26:22] [main/DEBUG] (mixin) Selecting config fabric-events-lifecycle-v0.mixins.json
[22:26:22] [main/INFO] (mixin) Remapping refMap fabric-events-lifecycle-v0-refmap.json using remapper chain
[22:26:22] [main/DEBUG] (mixin) Selecting config fabric-commands-v0.mixins.json
[22:26:22] [main/INFO] (mixin) Remapping refMap fabric-commands-v0-refmap.json using remapper chain
[22:26:22] [main/DEBUG] (mixin) Selecting config modid.mixins.json
[22:26:22] [main/DEBUG] (mixin) Preparing fabric-networking-v0.mixins.json (7)
[22:26:22] [main/DEBUG] (mixin) Preparing fabric-networking-blockentity-v0.mixins.json (2)
[22:26:22] [main/DEBUG] (mixin) Preparing fabric-biomes-v1.mixins.json (7)
[22:26:22] [main/DEBUG] (mixin) Preparing fabric-resource-loader-v0.mixins.json (7)
[22:26:22] [main/DEBUG] (mixin) Preparing fabric-mining-levels-v0.mixins.json (2)
[22:26:22] [main/DEBUG] (mixin) Preparing fabric-particles-v1.mixins.json (1)
[22:26:22] [main/DEBUG] (mixin) Preparing fabric-containers-v0.mixins.json (1)
[22:26:22] [main/DEBUG] (mixin) Preparing fabric-object-builders-v0.mixins.json (4)
[22:26:22] [main/DEBUG] (mixin) Preparing fabric-tag-extensions-v0.mixins.json (2)
[22:26:22] [main/DEBUG] (mixin) Preparing fabric-rendering-data-attachment-v1.mixins.json (3)
[22:26:22] [main/DEBUG] (mixin) Preparing fabric-item-groups-v0.mixins.json (3)
[22:26:22] [main/DEBUG] (mixin) Preparing fabric-events-interaction-v0.mixins.json (5)
[22:26:22] [main/DEBUG] (mixin) Preparing fabric-loot-tables-v1.mixins.json (5)
[22:26:22] [main/DEBUG] (mixin) Preparing fabric-content-registries-v0.mixins.json (2)
[22:26:22] [main/DEBUG] (mixin) Preparing fabric-dimensions-v1.mixins.json (9)
[22:26:22] [main/DEBUG] (mixin) Preparing fabric-registry-sync-v0.mixins.json (10)
[22:26:22] [main/DEBUG] (mixin) Preparing fabric-crash-report-info-v1.mixins.json (1)
[22:26:22] [main/DEBUG] (mixin) Preparing fabric-containers-v0.accurate.mixins.json (1)
[22:26:22] [main/DEBUG] (mixin) Preparing fabric-events-lifecycle-v0.mixins.json (4)
[22:26:22] [main/DEBUG] (mixin) Preparing fabric-commands-v0.mixins.json (2)
[22:26:22] [main/DEBUG] (mixin) Preparing modid.mixins.json (8)
[22:26:22] [main/DEBUG] (mixin) Registering new injector for @Inject with org.spongepowered.asm.mixin.injection.struct.CallbackInjectionInfo
[22:26:22] [main/DEBUG] (mixin) Registering new injector for @ModifyArg with org.spongepowered.asm.mixin.injection.struct.ModifyArgInjectionInfo
[22:26:22] [main/DEBUG] (mixin) Registering new injector for @ModifyArgs with org.spongepowered.asm.mixin.injection.struct.ModifyArgsInjectionInfo
[22:26:22] [main/DEBUG] (mixin) Registering new injector for @Redirect with org.spongepowered.asm.mixin.injection.struct.RedirectInjectionInfo
[22:26:22] [main/DEBUG] (mixin) Registering new injector for @ModifyVariable with org.spongepowered.asm.mixin.injection.struct.ModifyVariableInjectionInfo
[22:26:22] [main/DEBUG] (mixin) Registering new injector for @ModifyConstant with org.spongepowered.asm.mixin.injection.struct.ModifyConstantInjectionInfo
[22:26:22] [main/DEBUG] (mixin) Prepared 66 mixins in 0.542 sec (8.2ms avg) (0ms load, 0ms transform, 0ms plugin)
[22:26:22] [main/DEBUG] (mixin) Mixing MixinMinecraftServer from fabric-resource-loader-v0.mixins.json into net.minecraft.server.MinecraftServer
[22:26:22] [main/DEBUG] (mixin) Mixing MixinMinecraftServer from fabric-events-lifecycle-v0.mixins.json into net.minecraft.server.MinecraftServer
[22:26:22] [main/DEBUG] (mixin) Mixing MixinMinecraftServer from modid.mixins.json into net.minecraft.server.MinecraftServer
[22:26:22] [main/DEBUG] (mixin) Mixing MixinWorldSaveHandler from fabric-registry-sync-v0.mixins.json into net.minecraft.world.WorldSaveHandler
[22:26:22] [main/DEBUG] (mixin) Mixing MixinCrashReport from fabric-crash-report-info-v1.mixins.json into net.minecraft.util.crash.CrashReport
[22:26:22] [main/DEBUG] (mixin) Renaming synthetic method lambda$fillSystemDetails$0()Ljava/lang/String; to md441380$lambda$fillSystemDetails$0$0 in fabric-crash-report-info-v1.mixins.json:MixinCrashReport
[22:26:22] [main/DEBUG] (mixin) Mixing MixinKeyedResourceReloadListener$Server from fabric-resource-loader-v0.mixins.json into net.minecraft.server.function.CommandFunctionManager
[22:26:22] [main/DEBUG] (mixin) Mixing MixinKeyedResourceReloadListener$Server from fabric-resource-loader-v0.mixins.json into net.minecraft.server.ServerAdvancementLoader
[22:26:22] [main/DEBUG] (mixin) Mixing idremap.MixinLevelProperties from fabric-dimensions-v1.mixins.json into net.minecraft.world.level.LevelProperties
[22:26:22] [main/DEBUG] (mixin) Mixing idremap.MixinDimensionRawIndexFix from fabric-dimensions-v1.mixins.json into net.minecraft.world.dimension.DimensionType
[22:26:22] [main/DEBUG] (mixin) Mixing MixinWorld from fabric-dimensions-v1.mixins.json into net.minecraft.world.World
[22:26:22] [main/DEBUG] (mixin) Mixing MixinWorld from fabric-events-lifecycle-v0.mixins.json into net.minecraft.world.World
[22:26:22] [main/DEBUG] (mixin) Mixing MixinViewableWorld from fabric-rendering-data-attachment-v1.mixins.json into net.minecraft.world.WorldView
[22:26:22] [main/DEBUG] (mixin) Mixing MixinPlayerManager from fabric-networking-v0.mixins.json into net.minecraft.server.PlayerManager
[22:26:22] [main/DEBUG] (mixin) Mixing idremap.MixinPlayerManager from fabric-dimensions-v1.mixins.json into net.minecraft.server.PlayerManager
[22:26:22] [main/DEBUG] (mixin) Mixing MixinPlayerManager from fabric-registry-sync-v0.mixins.json into net.minecraft.server.PlayerManager
[22:26:22] [main/DEBUG] (mixin) Mixing MixinPlayerManger from modid.mixins.json into net.minecraft.server.PlayerManager
[22:26:22] [main/DEBUG] (mixin) Mixing EntityHooks from fabric-dimensions-v1.mixins.json into net.minecraft.entity.Entity
[22:26:22] [main/DEBUG] (mixin) Mixing MixinEntity from fabric-dimensions-v1.mixins.json into net.minecraft.entity.Entity
[22:26:22] [main/DEBUG] (mixin) Mixing MixinKeyedResourceReloadListener$Server from fabric-resource-loader-v0.mixins.json into net.minecraft.recipe.RecipeManager
[22:26:22] [main/DEBUG] (mixin) Mixing MixinKeyedResourceReloadListener$Server from fabric-resource-loader-v0.mixins.json into net.minecraft.tag.RegistryTagManager
[22:26:22] [main/DEBUG] (mixin) Mixing MixinKeyedResourceReloadListener$Server from fabric-resource-loader-v0.mixins.json into net.minecraft.loot.LootManager
[22:26:22] [main/DEBUG] (mixin) Mixing MixinLootManager from fabric-loot-tables-v1.mixins.json into net.minecraft.loot.LootManager
[22:26:22] [main/DEBUG] (mixin) Renaming synthetic method lambda$apply$2(Lnet/minecraft/resource/ResourceManager;Ljava/util/Map;Lnet/minecraft/util/Identifier;Lnet/minecraft/loot/LootTable;)V to md441380$lambda$apply$2$0 in fabric-loot-tables-v1.mixins.json:MixinLootManager
[22:26:22] [main/DEBUG] (mixin) Renaming synthetic method lambda$null$1(Lnet/fabricmc/fabric/api/loot/v1/FabricLootSupplierBuilder;Lnet/minecraft/util/Identifier;)Lnet/minecraft/loot/LootTable; to md441380$lambda$null$1$1 in fabric-loot-tables-v1.mixins.json:MixinLootManager
[22:26:22] [main/DEBUG] (mixin) Renaming synthetic method lambda$null$0(Ljava/util/Map;Lnet/minecraft/util/Identifier;Lnet/minecraft/loot/LootTable;)V to md441380$lambda$null$0$2 in fabric-loot-tables-v1.mixins.json:MixinLootManager
[22:26:22] [main/DEBUG] (mixin) Mixing MixinIdRegistry from fabric-registry-sync-v0.mixins.json into net.minecraft.util.registry.SimpleRegistry
[22:26:22] [main/DEBUG] (mixin) Renaming synthetic method lambda$new$5([Lnet/fabricmc/fabric/api/event/registry/RegistryIdRemapCallback;)Lnet/fabricmc/fabric/api/event/registry/RegistryIdRemapCallback; to md441380$lambda$new$5$0 in fabric-registry-sync-v0.mixins.json:MixinIdRegistry
[22:26:22] [main/DEBUG] (mixin) Renaming synthetic method lambda$null$4([Lnet/fabricmc/fabric/api/event/registry/RegistryIdRemapCallback;Lnet/fabricmc/fabric/api/event/registry/RegistryIdRemapCallback$RemapState;)V to md441380$lambda$null$4$1 in fabric-registry-sync-v0.mixins.json:MixinIdRegistry
[22:26:22] [main/DEBUG] (mixin) Renaming synthetic method lambda$new$3([Lnet/fabricmc/fabric/api/event/registry/RegistryEntryRemovedCallback;)Lnet/fabricmc/fabric/api/event/registry/RegistryEntryRemovedCallback; to md441380$lambda$new$3$2 in fabric-registry-sync-v0.mixins.json:MixinIdRegistry
[22:26:22] [main/DEBUG] (mixin) Renaming synthetic method lambda$null$2([Lnet/fabricmc/fabric/api/event/registry/RegistryEntryRemovedCallback;ILnet/minecraft/util/Identifier;Ljava/lang/Object;)V to md441380$lambda$null$2$3 in fabric-registry-sync-v0.mixins.json:MixinIdRegistry
[22:26:22] [main/DEBUG] (mixin) Renaming synthetic method lambda$new$1([Lnet/fabricmc/fabric/api/event/registry/RegistryEntryAddedCallback;)Lnet/fabricmc/fabric/api/event/registry/RegistryEntryAddedCallback; to md441380$lambda$new$1$4 in fabric-registry-sync-v0.mixins.json:MixinIdRegistry
[22:26:22] [main/DEBUG] (mixin) Renaming synthetic method lambda$null$0([Lnet/fabricmc/fabric/api/event/registry/RegistryEntryAddedCallback;ILnet/minecraft/util/Identifier;Ljava/lang/Object;)V to md441380$lambda$null$0$5 in fabric-registry-sync-v0.mixins.json:MixinIdRegistry
[22:26:22] [main/DEBUG] (mixin) Mixing MixinBiomeSource from fabric-biomes-v1.mixins.json into net.minecraft.world.biome.source.BiomeSource
[22:26:22] [main/DEBUG] (mixin) Mixing MixinBlock from fabric-object-builders-v0.mixins.json into net.minecraft.block.Block
[22:26:22] [main/DEBUG] (mixin) Mixing MixinItem from fabric-object-builders-v0.mixins.json into net.minecraft.item.Item
[22:26:22] [main/DEBUG] (mixin) Mixing MixinIdList from fabric-registry-sync-v0.mixins.json into net.minecraft.util.collection.IdList
[22:26:22] [main/DEBUG] (mixin) Renaming synthetic method lambda$fabric_remapIds$0(Lit/unimi/dsi/fastutil/ints/Int2IntMap;Ljava/lang/Object;Ljava/lang/Integer;)Ljava/lang/Integer; to md441380$lambda$fabric_remapIds$0$0 in fabric-registry-sync-v0.mixins.json:MixinIdList
[22:26:22] [main/DEBUG] (mixin) Mixing MixinFireBlock from fabric-content-registries-v0.mixins.json into net.minecraft.block.FireBlock
[22:26:22] [main/DEBUG] (mixin) Mixing MixinItemEntity from modid.mixins.json into net.minecraft.entity.ItemEntity
[22:26:23] [main/DEBUG] (mixin) Mixing MaterialBuilderHooks from fabric-object-builders-v0.mixins.json into net.minecraft.block.Material$Builder
[22:26:23] [main/DEBUG] (mixin) Mixing BlockSettingsHooks from fabric-object-builders-v0.mixins.json into net.minecraft.block.AbstractBlock$Settings
[22:26:23] [main/DEBUG] (mixin) Mixing MixinBlockEntity from fabric-networking-blockentity-v0.mixins.json into net.minecraft.block.entity.BlockEntity
[22:26:23] [main/DEBUG] (mixin) Mixing MixinBlockEntity from fabric-rendering-data-attachment-v1.mixins.json into net.minecraft.block.entity.BlockEntity
[22:26:23] [main/DEBUG] (mixin) Mixing MixinAbstractFurnaceBlockEntity from fabric-content-registries-v0.mixins.json into net.minecraft.block.entity.AbstractFurnaceBlockEntity
[22:26:24] [main/DEBUG] (mixin) Mixing ServerPlayerEntityAccessor from fabric-containers-v0.mixins.json into net.minecraft.server.network.ServerPlayerEntity
[22:26:24] [main/DEBUG] (mixin) Mixing MixinServerPlayerEntity from fabric-events-interaction-v0.mixins.json into net.minecraft.server.network.ServerPlayerEntity
[22:26:24] [main/DEBUG] (mixin) Mixing MixinServerPlayerEntity from fabric-containers-v0.accurate.mixins.json into net.minecraft.server.network.ServerPlayerEntity
[22:26:24] [main/DEBUG] (mixin) Mixing OnPlayerDeathEvent from modid.mixins.json into net.minecraft.server.network.ServerPlayerEntity
[22:26:24] [main/DEBUG] (mixin) Mixing OnPlayerTeleportEvent from modid.mixins.json into net.minecraft.server.network.ServerPlayerEntity
[22:26:24] [main/DEBUG] (mixin) Mixing MiningToolItemAccessor from fabric-mining-levels-v0.mixins.json into net.minecraft.item.MiningToolItem
[22:26:24] [main/DEBUG] (mixin) Mixing MixinItemStack from fabric-mining-levels-v0.mixins.json into net.minecraft.item.ItemStack
[22:26:24] [main/DEBUG] (mixin) Mixing MixinItemGroup from fabric-item-groups-v0.mixins.json into net.minecraft.item.ItemGroup
[22:26:25] [main/DEBUG] (mixin) Mixing MixinVanillaLayeredBiomeSource from fabric-biomes-v1.mixins.json into net.minecraft.world.biome.source.VanillaLayeredBiomeSource
[22:26:25] [main/ERROR] (net.minecraft.util.registry.Registry) Unable to bootstrap registry 'minecraft:chunk_generator_type'
[22:26:25] [main/DEBUG] (mixin) Mixing MixinTheNetherDimension from fabric-biomes-v1.mixins.json into net.minecraft.world.dimension.TheNetherDimension
[22:26:25] [main/ERROR] (net.minecraft.util.registry.Registry) Registry 'minecraft:chunk_generator_type' was empty after loading
[22:26:25] [main/DEBUG] (mixin) Mixing MixinBootstrap from fabric-registry-sync-v0.mixins.json into net.minecraft.Bootstrap
[22:26:25] [main/DEBUG] (mixin) Renaming synthetic method lambda$initialize$1(Lnet/minecraft/fluid/Fluid;)Ljava/util/Collection; to md441380$lambda$initialize$1$0 in fabric-registry-sync-v0.mixins.json:MixinBootstrap
[22:26:25] [main/DEBUG] (mixin) Renaming synthetic method lambda$initialize$0(Lnet/minecraft/block/Block;)Ljava/util/Collection; to md441380$lambda$initialize$0$1 in fabric-registry-sync-v0.mixins.json:MixinBootstrap
[22:26:25] [main/INFO] (com.mojang.authlib.yggdrasil.YggdrasilAuthenticationService) Environment: authHost='https://authserver.mojang.com', accountsHost='https://api.mojang.com', sessionHost='https://sessionserver.mojang.com', name='PROD'
[22:26:25] [main/DEBUG] (mixin) Mixing idremap.MixinLevelStorage from fabric-dimensions-v1.mixins.json into net.minecraft.world.level.storage.LevelStorage
[22:26:25] [main/DEBUG] (mixin) Mixing MixinMinecraftDedicatedServer from fabric-commands-v0.mixins.json into net.minecraft.server.dedicated.MinecraftDedicatedServer
[22:26:25] [main/DEBUG] (mixin) Renaming synthetic method executeTask(Ljava/lang/Runnable;)V to md441380$executeTask$0 in fabric-commands-v0.mixins.json:MixinMinecraftDedicatedServer
[22:26:25] [main/DEBUG] (mixin) Renaming synthetic method canExecute(Ljava/lang/Runnable;)Z to md441380$canExecute$1 in fabric-commands-v0.mixins.json:MixinMinecraftDedicatedServer
[22:26:25] [main/DEBUG] (mixin) Renaming synthetic method createTask(Ljava/lang/Runnable;)Ljava/lang/Runnable; to md441380$createTask$2 in fabric-commands-v0.mixins.json:MixinMinecraftDedicatedServer
[22:26:25] [main/DEBUG] (mixin) Renaming synthetic method lambda$setupServer$1(Ljava/util/function/Consumer;)V to md441380$lambda$setupServer$1$3 in fabric-commands-v0.mixins.json:MixinMinecraftDedicatedServer
[22:26:25] [main/DEBUG] (mixin) Renaming synthetic method lambda$setupServer$0(Ljava/util/function/Consumer;)V to md441380$lambda$setupServer$0$4 in fabric-commands-v0.mixins.json:MixinMinecraftDedicatedServer
[22:26:26] [main/DEBUG] (mixin) Mixing OnPlayerTeleportEventv2 from modid.mixins.json into net.minecraft.server.command.TeleportCommand
[22:26:26] [main/WARN] (net.minecraft.server.command.CommandManager) Ambiguity between arguments [teleport, destination] and [teleport, targets] with inputs: [Player, 0123, @e, dd12be42-52a9-4a91-a8a1-11c01849e498]
[22:26:26] [main/WARN] (net.minecraft.server.command.CommandManager) Ambiguity between arguments [teleport, location] and [teleport, destination] with inputs: [0.1 -0.5 .9, 0 0 0]
[22:26:26] [main/WARN] (net.minecraft.server.command.CommandManager) Ambiguity between arguments [teleport, location] and [teleport, targets] with inputs: [0.1 -0.5 .9, 0 0 0]
[22:26:26] [main/WARN] (net.minecraft.server.command.CommandManager) Ambiguity between arguments [teleport, targets] and [teleport, destination] with inputs: [Player, 0123, dd12be42-52a9-4a91-a8a1-11c01849e498]
[22:26:26] [main/WARN] (net.minecraft.server.command.CommandManager) Ambiguity between arguments [teleport, targets, location] and [teleport, targets, destination] with inputs: [0.1 -0.5 .9, 0 0 0]
[22:26:26] [main/DEBUG] (mixin) Mixing MixinReloadableResourceManagerImpl from fabric-resource-loader-v0.mixins.json into net.minecraft.resource.ReloadableResourceManagerImpl
[22:26:26] [main/DEBUG] (mixin) Mixing MixinTagImpl from fabric-tag-extensions-v0.mixins.json into net.minecraft.tag.Tag$1
[22:26:26] [main/DEBUG] (mixin) Mixing MixinLootPool from fabric-loot-tables-v1.mixins.json into net.minecraft.loot.LootPool
[22:26:26] [main/DEBUG] (mixin) Mixing MixinLootSupplier from fabric-loot-tables-v1.mixins.json into net.minecraft.loot.LootTable
[22:26:26] [main/DEBUG] (Fabric|Loader) Iterating over entrypoint 'main'
[22:26:26] [main/INFO] (net.minecraft.util.logging.PrintStreamLogger) [STDOUT]: Loading Andrews Essentials
[22:26:26] [main/INFO] (net.minecraft.util.logging.PrintStreamLogger) [STDOUT]: K: Name V: ttest123
[22:26:26] [main/INFO] (net.minecraft.util.logging.PrintStreamLogger) [STDOUT]: K: WORLD V: 0
[22:26:26] [main/INFO] (net.minecraft.util.logging.PrintStreamLogger) [STDOUT]: K: X V: -140.050455249665
[22:26:26] [main/INFO] (net.minecraft.util.logging.PrintStreamLogger) [STDOUT]: K: Y V: 67.0
[22:26:26] [main/INFO] (net.minecraft.util.logging.PrintStreamLogger) [STDOUT]: K: Z V: 166.7241028594745
[22:26:26] [main/INFO] (net.minecraft.util.logging.PrintStreamLogger) [STDOUT]: K: YAW V: -14.850001
[22:26:26] [main/INFO] (net.minecraft.util.logging.PrintStreamLogger) [STDOUT]: K: PITCH V: 14.099999
[22:26:26] [main/INFO] (net.minecraft.util.logging.PrintStreamLogger) [STDOUT]: K: Owner V: andrew121410
[22:26:28] [main/DEBUG] (Fabric|Loader) No subscribers for entrypoint 'server'
[22:26:29] [Server thread/INFO] (net.minecraft.server.dedicated.MinecraftDedicatedServer) Starting minecraft server version 20w16a
[22:26:29] [Server thread/INFO] (net.minecraft.server.dedicated.MinecraftDedicatedServer) Loading properties
[22:26:29] [Server thread/INFO] (net.minecraft.server.dedicated.MinecraftDedicatedServer) Default game type: SURVIVAL
[22:26:29] [Server thread/INFO] (net.minecraft.server.dedicated.MinecraftDedicatedServer) Generating keypair
[22:26:29] [Server thread/INFO] (net.minecraft.server.dedicated.MinecraftDedicatedServer) Starting Minecraft server on *:25565
[22:26:29] [Server thread/INFO] (net.minecraft.server.ServerNetworkIo) Using default channel type
[22:26:30] [Server thread/DEBUG] (mixin) Mixing MixinServerPlayerInteractionManager from fabric-events-interaction-v0.mixins.json into net.minecraft.server.network.ServerPlayerInteractionManager
[22:26:30] [Server thread/INFO] (net.minecraft.server.dedicated.MinecraftDedicatedServer) Preparing level "world"
[22:26:30] [Server thread/INFO] (net.minecraft.world.WorldSaveHandler) [fabric-registry-sync] Loaded registry data [file 1/4]
[22:26:30] [Server thread/DEBUG] (mixin) Mixing MixinDefaultResourcePack from fabric-resource-loader-v0.mixins.json into net.minecraft.resource.DefaultResourcePack
[22:26:30] [Server thread/INFO] (net.minecraft.resource.ReloadableResourceManagerImpl) Reloading ResourceManager: Default, Fabric Mining Levels (v0)
[22:26:31] [Worker-7/DEBUG] (mixin) Mixing MixinTagBuilder from fabric-tag-extensions-v0.mixins.json into net.minecraft.tag.Tag$Builder
[22:26:34] [Server thread/DEBUG] (mixin) Mixing MixinTagImpl from fabric-tag-extensions-v0.mixins.json into net.minecraft.tag.GlobalTagAccessor$CachedTag
[22:26:35] [Server thread/INFO] (net.minecraft.recipe.RecipeManager) Loaded 6 recipes
[22:26:35] [Server thread/DEBUG] (mixin) Mixing LootSupplierBuilderHooks from fabric-loot-tables-v1.mixins.json into net.minecraft.loot.LootTable$Builder
[22:26:36] [Server thread/INFO] (net.minecraft.advancement.AdvancementManager) Loaded 908 advancements
[22:26:36] [Server thread/DEBUG] (mixin) Mixing MixinSetBaseBiomesLayer from fabric-biomes-v1.mixins.json into net.minecraft.world.biome.layer.SetBaseBiomesLayer
[22:26:36] [Server thread/DEBUG] (mixin) Mixing MixinAddHillsLayer from fabric-biomes-v1.mixins.json into net.minecraft.world.biome.layer.AddHillsLayer
[22:26:36] [Server thread/DEBUG] (mixin) Mixing MixinAddEdgeBiomesLayer from fabric-biomes-v1.mixins.json into net.minecraft.world.biome.layer.AddEdgeBiomesLayer
[22:26:36] [Server thread/DEBUG] (mixin) Mixing MixinAddRiversLayer from fabric-biomes-v1.mixins.json into net.minecraft.world.biome.layer.AddRiversLayer
[22:26:36] [Server thread/DEBUG] (mixin) Mixing MixinThreadedAnvilChunkStorage from fabric-networking-v0.mixins.json into net.minecraft.server.world.ThreadedAnvilChunkStorage
[22:26:36] [Server thread/DEBUG] (mixin) Mixing MixinPortalForcer from fabric-dimensions-v1.mixins.json into net.minecraft.world.PortalForcer
[22:26:36] [Server thread/DEBUG] (mixin) Mixing idremap.MixinUnmodifiableLevelProperties from fabric-dimensions-v1.mixins.json into net.minecraft.world.level.UnmodifiableLevelProperties
[22:26:36] [Server thread/INFO] (net.minecraft.server.MinecraftServer) Preparing start region for dimension minecraft:overworld
