[22:26:20] [main/INFO] (FabricLoader) Loading for game Minecraft 20w16a
[22:26:20] [main/INFO] (Fabric|Loader) [FabricLoader] Loading 34 mods: fabric-networking-blockentity-v0@0.2.5+b50ffc7bad, minecraft@1.16-alpha.20.16.a, fabric-renderer-api-v1@0.2.12+12a8474cad, fabric-keybindings-v0@0.1.1+dfdb52d6ad, fabricloader@0.8.2+build.194, andrewsessentials@1.0.0, fabric-renderer-indigo@0.2.28+c808269fad, fabric-containers-v0@0.1.7+d249f7b6ad, fabric-dimensions-v1@0.3.3+a2a96bf9ad, fabric-biomes-v1@0.2.1+b7d52fa5ad, fabric-events-interaction-v0@0.3.0+04b99794ad, fabric-crash-report-info-v1@0.1.2+b7f9825dad, fabric-api-base@0.1.3+12a8474cad, fabric-rendering-v0@1.1.0+53410490ad, fabric-rendering-v1@0.1.1+1a47cd78ad, fabric-rendering-data-attachment-v1@0.1.3+b7f9825dad, fabric-resource-loader-v0@0.1.13+94c7834aad, fabric-textures-v0@1.0.4+821cdba7ad, fabric-content-registries-v0@0.1.5+88afe607ad, fabric-tag-extensions-v0@0.2.3+9cd8d660ad, fabric-rendering-fluids-v1@0.1.7+12a8474cad, fabric-registry-sync-v0@0.2.10+eb276f9cad, fabric-commands-v0@0.1.4+a2a96bf9ad, fabric-blockrenderlayer-v1@1.1.4+c6a8ea89ad, fabric-mining-levels-v0@0.1.2+5b8a535aad, fabric-renderer-registries-v1@2.0.1+5a0f9a60ad, fabric-loot-tables-v1@0.1.6+2f56dff2ad, fabric-events-lifecycle-v0@0.1.2+1a47cd78ad, fabric@0.5.11+build.322-1.16, fabric-models-v0@0.1.0+dfdb52d6ad, fabric-item-groups-v0@0.1.10+d249f7b6ad, fabric-particles-v1@0.1.2+12a8474cad, fabric-networking-v0@0.1.9+1a47cd78ad, fabric-object-builders-v0@0.2.4+eb276f9cad
[22:26:21] [main/INFO] (mixin) SpongePowered MIXIN Subsystem Version=0.8 Source=file:/C:/Users/andre/.gradle/caches/modules-2/files-2.1/net.fabricmc/sponge-mixin/0.8+build.18/af077ad2845a00cde186fa2c99c4dd32bd2a2766/sponge-mixin-0.8+build.18.jar Service=Knot/Fabric Env=SERVER
[22:26:21] [main/INFO] (Fabric|MixinBootstrap) Loaded Fabric development mappings for mixin remapper!
[22:26:21] [main/INFO] (mixin) Remapping refMap fabric-networking-v0-refmap.json using remapper chain
[22:26:22] [main/INFO] (mixin) Remapping refMap fabric-networking-blockentity-v0-refmap.json using remapper chain
[22:26:22] [main/INFO] (mixin) Remapping refMap fabric-biomes-v1-refmap.json using remapper chain
[22:26:22] [main/INFO] (mixin) Remapping refMap fabric-resource-loader-v0-refmap.json using remapper chain
[22:26:22] [main/INFO] (mixin) Remapping refMap fabric-mining-levels-v0-refmap.json using remapper chain
[22:26:22] [main/INFO] (mixin) Remapping refMap fabric-particles-v1-refmap.json using remapper chain
[22:26:22] [main/INFO] (mixin) Remapping refMap fabric-containers-v0-refmap.json using remapper chain
[22:26:22] [main/INFO] (mixin) Remapping refMap fabric-object-builders-refmap.json using remapper chain
[22:26:22] [main/INFO] (mixin) Remapping refMap fabric-tag-extensions-v0-refmap.json using remapper chain
[22:26:22] [main/INFO] (mixin) Remapping refMap fabric-rendering-data-attachment-v1-refmap.json using remapper chain
[22:26:22] [main/INFO] (mixin) Remapping refMap fabric-item-groups-v0-refmap.json using remapper chain
[22:26:22] [main/INFO] (mixin) Remapping refMap fabric-events-interaction-v0-refmap.json using remapper chain
[22:26:22] [main/INFO] (mixin) Remapping refMap fabric-loot-tables-v1-refmap.json using remapper chain
[22:26:22] [main/INFO] (mixin) Remapping refMap fabric-content-registries-v0-refmap.json using remapper chain
[22:26:22] [main/INFO] (mixin) Remapping refMap fabric-dimensions-v1-refmap.json using remapper chain
[22:26:22] [main/INFO] (mixin) Remapping refMap fabric-registry-sync-v0-refmap.json using remapper chain
[22:26:22] [main/INFO] (mixin) Remapping refMap fabric-crash-report-info-v1-refmap.json using remapper chain
[22:26:22] [main/INFO] (mixin) Remapping refMap fabric-containers-v0-refmap.json using remapper chain
[22:26:22] [main/INFO] (mixin) Remapping refMap fabric-events-lifecycle-v0-refmap.json using remapper chain
[22:26:22] [main/INFO] (mixin) Remapping refMap fabric-commands-v0-refmap.json using remapper chain
[22:26:25] [main/ERROR] (Minecraft) Unable to bootstrap registry 'minecraft:chunk_generator_type'
[22:26:25] [main/ERROR] (Minecraft) Registry 'minecraft:chunk_generator_type' was empty after loading
[22:26:25] [main/INFO] (Minecraft) Environment: authHost='https://authserver.mojang.com', accountsHost='https://api.mojang.com', sessionHost='https://sessionserver.mojang.com', name='PROD'
[22:26:26] [main/WARN] (Minecraft) Ambiguity between arguments [teleport, destination] and [teleport, targets] with inputs: [Player, 0123, @e, dd12be42-52a9-4a91-a8a1-11c01849e498]
[22:26:26] [main/WARN] (Minecraft) Ambiguity between arguments [teleport, location] and [teleport, destination] with inputs: [0.1 -0.5 .9, 0 0 0]
[22:26:26] [main/WARN] (Minecraft) Ambiguity between arguments [teleport, location] and [teleport, targets] with inputs: [0.1 -0.5 .9, 0 0 0]
[22:26:26] [main/WARN] (Minecraft) Ambiguity between arguments [teleport, targets] and [teleport, destination] with inputs: [Player, 0123, dd12be42-52a9-4a91-a8a1-11c01849e498]
[22:26:26] [main/WARN] (Minecraft) Ambiguity between arguments [teleport, targets, location] and [teleport, targets, destination] with inputs: [0.1 -0.5 .9, 0 0 0]
[22:26:26] [main/INFO] (Minecraft) [STDOUT]: Loading Andrews Essentials
[22:26:26] [main/INFO] (Minecraft) [STDOUT]: K: Name V: ttest123
[22:26:26] [main/INFO] (Minecraft) [STDOUT]: K: WORLD V: 0
[22:26:26] [main/INFO] (Minecraft) [STDOUT]: K: X V: -140.050455249665
[22:26:26] [main/INFO] (Minecraft) [STDOUT]: K: Y V: 67.0
[22:26:26] [main/INFO] (Minecraft) [STDOUT]: K: Z V: 166.7241028594745
[22:26:26] [main/INFO] (Minecraft) [STDOUT]: K: YAW V: -14.850001
[22:26:26] [main/INFO] (Minecraft) [STDOUT]: K: PITCH V: 14.099999
[22:26:26] [main/INFO] (Minecraft) [STDOUT]: K: Owner V: andrew121410
[22:26:29] [Server thread/INFO] (Minecraft) Starting minecraft server version 20w16a
[22:26:29] [Server thread/INFO] (Minecraft) Loading properties
[22:26:29] [Server thread/INFO] (Minecraft) Default game type: SURVIVAL
[22:26:29] [Server thread/INFO] (Minecraft) Generating keypair
[22:26:29] [Server thread/INFO] (Minecraft) Starting Minecraft server on *:25565
[22:26:29] [Server thread/INFO] (Minecraft) Using default channel type
[22:26:30] [Server thread/INFO] (Minecraft) Preparing level "world"
[22:26:30] [Server thread/INFO] (Minecraft) [fabric-registry-sync] Loaded registry data [file 1/4]
[22:26:30] [Server thread/INFO] (Minecraft) Reloading ResourceManager: Default, Fabric Mining Levels (v0)
[22:26:35] [Server thread/INFO] (Minecraft) Loaded 6 recipes
[22:26:36] [Server thread/INFO] (Minecraft) Loaded 908 advancements
[22:26:36] [Server thread/INFO] (Minecraft) Preparing start region for dimension minecraft:overworld
